{"C:\\Users\\ngocduc\\Desktop\\DEMO\\plat-mw-api\\src\\bootstrap\\jwt.ts": {"path":"C:\\Users\\ngocduc\\Desktop\\DEMO\\plat-mw-api\\src\\bootstrap\\jwt.ts","statementMap":{"0":{"start":{"line":5,"column":17},"end":{"line":10,"column":2}},"1":{"start":{"line":5,"column":88},"end":{"line":10,"column":2}},"2":{"start":{"line":6,"column":2},"end":{"line":9,"column":4}},"3":{"start":{"line":12,"column":13},"end":{"line":16,"column":2}},"4":{"start":{"line":18,"column":0},"end":{"line":20,"column":2}}},"fnMap":{"0":{"name":"(anonymous_6)","decl":{"start":{"line":5,"column":17},"end":{"line":5,"column":24}},"loc":{"start":{"line":5,"column":88},"end":{"line":10,"column":2}}},"1":{"name":"(anonymous_7)","decl":{"start":{"line":5,"column":88},"end":{"line":5,"column":null}},"loc":{"start":{"line":5,"column":88},"end":{"line":10,"column":1}}}},"branchMap":{},"s":{"0":2,"1":0,"2":0,"3":2,"4":2},"f":{"0":0,"1":0},"b":{}}
,"C:\\Users\\ngocduc\\Desktop\\DEMO\\plat-mw-api\\src\\bootstrap\\mongoose.ts": {"path":"C:\\Users\\ngocduc\\Desktop\\DEMO\\plat-mw-api\\src\\bootstrap\\mongoose.ts","statementMap":{"0":{"start":{"line":1,"column":0},"end":{"line":1,"column":32}},"1":{"start":{"line":3,"column":14},"end":{"line":3,"column":52}},"2":{"start":{"line":5,"column":13},"end":{"line":19,"column":2}},"3":{"start":{"line":5,"column":47},"end":{"line":19,"column":2}},"4":{"start":{"line":6,"column":2},"end":{"line":18,"column":null}},"5":{"start":{"line":7,"column":4},"end":{"line":7,"column":51}},"6":{"start":{"line":8,"column":18},"end":{"line":8,"column":104}},"7":{"start":{"line":9,"column":4},"end":{"line":9,"column":46}},"8":{"start":{"line":10,"column":4},"end":{"line":12,"column":7}},"9":{"start":{"line":10,"column":48},"end":{"line":12,"column":6}},"10":{"start":{"line":11,"column":6},"end":{"line":11,"column":46}},"11":{"start":{"line":13,"column":4},"end":{"line":15,"column":7}},"12":{"start":{"line":14,"column":6},"end":{"line":14,"column":47}},"13":{"start":{"line":17,"column":4},"end":{"line":17,"column":32}}},"fnMap":{"0":{"name":"(anonymous_7)","decl":{"start":{"line":5,"column":23},"end":{"line":5,"column":30}},"loc":{"start":{"line":5,"column":47},"end":{"line":19,"column":2}}},"1":{"name":"(anonymous_8)","decl":{"start":{"line":5,"column":47},"end":{"line":5,"column":null}},"loc":{"start":{"line":5,"column":47},"end":{"line":19,"column":1}}},"2":{"name":"(anonymous_9)","decl":{"start":{"line":10,"column":37},"end":{"line":10,"column":46}},"loc":{"start":{"line":10,"column":48},"end":{"line":12,"column":6}}},"3":{"name":"(anonymous_10)","decl":{"start":{"line":10,"column":48},"end":{"line":10,"column":null}},"loc":{"start":{"line":10,"column":48},"end":{"line":12,"column":5}}},"4":{"name":"(anonymous_11)","decl":{"start":{"line":13,"column":38},"end":{"line":13,"column":39}},"loc":{"start":{"line":13,"column":53},"end":{"line":15,"column":5}}}},"branchMap":{"0":{"loc":{"start":{"line":7,"column":15},"end":{"line":7,"column":23}},"type":"binary-expr","locations":[{"start":{"line":7,"column":15},"end":{"line":7,"column":23}},{"start":{"line":7,"column":27},"end":{"line":7,"column":50}}]}},"s":{"0":2,"1":2,"2":2,"3":2,"4":2,"5":2,"6":2,"7":2,"8":2,"9":0,"10":0,"11":2,"12":0,"13":0},"f":{"0":2,"1":2,"2":0,"3":0,"4":0},"b":{"0":[2,0]}}
,"C:\\Users\\ngocduc\\Desktop\\DEMO\\plat-mw-api\\src\\bootstrap\\plugins.ts": {"path":"C:\\Users\\ngocduc\\Desktop\\DEMO\\plat-mw-api\\src\\bootstrap\\plugins.ts","statementMap":{"0":{"start":{"line":2,"column":0},"end":{"line":2,"column":35}},"1":{"start":{"line":3,"column":0},"end":{"line":3,"column":38}},"2":{"start":{"line":4,"column":0},"end":{"line":4,"column":36}},"3":{"start":{"line":6,"column":13},"end":{"line":6,"column":28}},"4":{"start":{"line":7,"column":14},"end":{"line":7,"column":30}},"5":{"start":{"line":8,"column":15},"end":{"line":8,"column":32}},"6":{"start":{"line":9,"column":13},"end":{"line":9,"column":42}},"7":{"start":{"line":11,"column":25},"end":{"line":11,"column":54}},"8":{"start":{"line":12,"column":20},"end":{"line":12,"column":43}},"9":{"start":{"line":13,"column":18},"end":{"line":13,"column":39}},"10":{"start":{"line":17,"column":4},"end":{"line":17,"column":28}},"11":{"start":{"line":18,"column":4},"end":{"line":18,"column":31}},"12":{"start":{"line":19,"column":4},"end":{"line":19,"column":33}},"13":{"start":{"line":20,"column":4},"end":{"line":20,"column":55}},"14":{"start":{"line":24,"column":4},"end":{"line":24,"column":37}},"15":{"start":{"line":25,"column":4},"end":{"line":25,"column":31}},"16":{"start":{"line":29,"column":4},"end":{"line":29,"column":69}},"17":{"start":{"line":30,"column":4},"end":{"line":30,"column":58}},"18":{"start":{"line":34,"column":4},"end":{"line":54,"column":null}},"19":{"start":{"line":35,"column":6},"end":{"line":51,"column":9}},"20":{"start":{"line":53,"column":6},"end":{"line":53,"column":62}},"21":{"start":{"line":59,"column":4},"end":{"line":59,"column":43}},"22":{"start":{"line":61,"column":4},"end":{"line":69,"column":7}},"23":{"start":{"line":15,"column":0},"end":{"line":15,"column":21}}},"fnMap":{"0":{"name":"(anonymous_8)","decl":{"start":{"line":16,"column":2},"end":{"line":16,"column":8}},"loc":{"start":{"line":16,"column":44},"end":{"line":21,"column":null}}},"1":{"name":"(anonymous_10)","decl":{"start":{"line":23,"column":2},"end":{"line":23,"column":8}},"loc":{"start":{"line":23,"column":40},"end":{"line":26,"column":null}}},"2":{"name":"(anonymous_12)","decl":{"start":{"line":28,"column":2},"end":{"line":28,"column":8}},"loc":{"start":{"line":28,"column":48},"end":{"line":31,"column":null}}},"3":{"name":"(anonymous_14)","decl":{"start":{"line":33,"column":2},"end":{"line":33,"column":8}},"loc":{"start":{"line":33,"column":37},"end":{"line":55,"column":3}}},"4":{"name":"(anonymous_15)","decl":{"start":{"line":57,"column":2},"end":{"line":57,"column":8}},"loc":{"start":{"line":57,"column":37},"end":{"line":70,"column":null}}}},"branchMap":{"0":{"loc":{"start":{"line":11,"column":25},"end":{"line":11,"column":48}},"type":"binary-expr","locations":[{"start":{"line":11,"column":25},"end":{"line":11,"column":48}},{"start":{"line":11,"column":52},"end":{"line":11,"column":54}}]},"1":{"loc":{"start":{"line":12,"column":20},"end":{"line":12,"column":37}},"type":"binary-expr","locations":[{"start":{"line":12,"column":20},"end":{"line":12,"column":37}},{"start":{"line":12,"column":41},"end":{"line":12,"column":43}}]},"2":{"loc":{"start":{"line":13,"column":18},"end":{"line":13,"column":33}},"type":"binary-expr","locations":[{"start":{"line":13,"column":18},"end":{"line":13,"column":33}},{"start":{"line":13,"column":37},"end":{"line":13,"column":39}}]}},"s":{"0":2,"1":2,"2":2,"3":2,"4":2,"5":2,"6":2,"7":2,"8":2,"9":2,"10":2,"11":2,"12":2,"13":2,"14":2,"15":2,"16":2,"17":2,"18":2,"19":2,"20":0,"21":2,"22":2,"23":2},"f":{"0":2,"1":2,"2":2,"3":2,"4":2},"b":{"0":[2,0],"1":[2,0],"2":[2,0]}}
,"C:\\Users\\ngocduc\\Desktop\\DEMO\\plat-mw-api\\src\\bootstrap\\routes.ts": {"path":"C:\\Users\\ngocduc\\Desktop\\DEMO\\plat-mw-api\\src\\bootstrap\\routes.ts","statementMap":{"0":{"start":{"line":2,"column":13},"end":{"line":2,"column":28}},"1":{"start":{"line":3,"column":13},"end":{"line":3,"column":28}},"2":{"start":{"line":4,"column":10},"end":{"line":4,"column":27}},"3":{"start":{"line":7,"column":15},"end":{"line":31,"column":7}},"4":{"start":{"line":12,"column":12},"end":{"line":12,"column":42}},"5":{"start":{"line":24,"column":12},"end":{"line":24,"column":50}},"6":{"start":{"line":36,"column":0},"end":{"line":40,"column":3}},"7":{"start":{"line":37,"column":4},"end":{"line":39,"column":7}},"8":{"start":{"line":38,"column":8},"end":{"line":38,"column":57}},"9":{"start":{"line":43,"column":0},"end":{"line":43,"column":37}}},"fnMap":{"0":{"name":"(anonymous_0)","decl":{"start":{"line":11,"column":17},"end":{"line":11,"column":18}},"loc":{"start":{"line":11,"column":46},"end":{"line":13,"column":9}}},"1":{"name":"(anonymous_1)","decl":{"start":{"line":23,"column":17},"end":{"line":23,"column":18}},"loc":{"start":{"line":23,"column":46},"end":{"line":25,"column":9}}},"2":{"name":"(anonymous_2)","decl":{"start":{"line":36,"column":33},"end":{"line":36,"column":34}},"loc":{"start":{"line":36,"column":50},"end":{"line":40,"column":1}}},"3":{"name":"(anonymous_3)","decl":{"start":{"line":37,"column":68},"end":{"line":37,"column":69}},"loc":{"start":{"line":37,"column":85},"end":{"line":39,"column":5}}}},"branchMap":{},"s":{"0":2,"1":2,"2":2,"3":2,"4":0,"5":0,"6":2,"7":4,"8":2,"9":2},"f":{"0":0,"1":0,"2":4,"3":2},"b":{}}
,"C:\\Users\\ngocduc\\Desktop\\DEMO\\plat-mw-api\\src\\bootstrap\\server.ts": {"path":"C:\\Users\\ngocduc\\Desktop\\DEMO\\plat-mw-api\\src\\bootstrap\\server.ts","statementMap":{"0":{"start":{"line":3,"column":0},"end":{"line":3,"column":29}},"1":{"start":{"line":4,"column":0},"end":{"line":4,"column":33}},"2":{"start":{"line":5,"column":0},"end":{"line":5,"column":30}},"3":{"start":{"line":6,"column":0},"end":{"line":6,"column":32}},"4":{"start":{"line":7,"column":0},"end":{"line":7,"column":36}},"5":{"start":{"line":8,"column":0},"end":{"line":8,"column":35}},"6":{"start":{"line":11,"column":0},"end":{"line":11,"column":79}},"7":{"start":{"line":13,"column":14},"end":{"line":13,"column":35}},"8":{"start":{"line":15,"column":20},"end":{"line":15,"column":37}},"9":{"start":{"line":16,"column":13},"end":{"line":16,"column":34}},"10":{"start":{"line":22,"column":10},"end":{"line":28,"column":4}},"11":{"start":{"line":31,"column":4},"end":{"line":31,"column":62}},"12":{"start":{"line":32,"column":4},"end":{"line":32,"column":43}},"13":{"start":{"line":36,"column":4},"end":{"line":36,"column":31}},"14":{"start":{"line":40,"column":20},"end":{"line":40,"column":32}},"15":{"start":{"line":41,"column":4},"end":{"line":43,"column":null}},"16":{"start":{"line":42,"column":6},"end":{"line":42,"column":32}},"17":{"start":{"line":44,"column":4},"end":{"line":44,"column":16}},"18":{"start":{"line":48,"column":4},"end":{"line":50,"column":null}},"19":{"start":{"line":49,"column":6},"end":{"line":49,"column":45}},"20":{"start":{"line":51,"column":4},"end":{"line":51,"column":28}},"21":{"start":{"line":55,"column":4},"end":{"line":55,"column":24}},"22":{"start":{"line":56,"column":4},"end":{"line":56,"column":29}},"23":{"start":{"line":57,"column":4},"end":{"line":57,"column":28}},"24":{"start":{"line":58,"column":4},"end":{"line":58,"column":21}},"25":{"start":{"line":62,"column":25},"end":{"line":62,"column":65}},"26":{"start":{"line":63,"column":29},"end":{"line":63,"column":37}},"27":{"start":{"line":65,"column":4},"end":{"line":83,"column":7}},"28":{"start":{"line":66,"column":30},"end":{"line":66,"column":49}},"29":{"start":{"line":68,"column":6},"end":{"line":82,"column":9}},"30":{"start":{"line":87,"column":4},"end":{"line":87,"column":34}},"31":{"start":{"line":91,"column":4},"end":{"line":91,"column":33}},"32":{"start":{"line":95,"column":4},"end":{"line":95,"column":40}},"33":{"start":{"line":99,"column":4},"end":{"line":99,"column":30}},"34":{"start":{"line":103,"column":4},"end":{"line":110,"column":null}},"35":{"start":{"line":104,"column":6},"end":{"line":104,"column":24}},"36":{"start":{"line":105,"column":6},"end":{"line":105,"column":32}},"37":{"start":{"line":106,"column":6},"end":{"line":106,"column":55}},"38":{"start":{"line":108,"column":6},"end":{"line":108,"column":26}},"39":{"start":{"line":18,"column":0},"end":{"line":18,"column":21}}},"fnMap":{"0":{"name":"(anonymous_8)","decl":{"start":{"line":30,"column":2},"end":{"line":30,"column":23}},"loc":{"start":{"line":30,"column":40},"end":{"line":33,"column":3}}},"1":{"name":"(anonymous_9)","decl":{"start":{"line":35,"column":2},"end":{"line":35,"column":6}},"loc":{"start":{"line":35,"column":13},"end":{"line":37,"column":3}}},"2":{"name":"(anonymous_10)","decl":{"start":{"line":39,"column":2},"end":{"line":39,"column":17}},"loc":{"start":{"line":39,"column":44},"end":{"line":45,"column":3}}},"3":{"name":"(anonymous_11)","decl":{"start":{"line":47,"column":2},"end":{"line":47,"column":8}},"loc":{"start":{"line":47,"column":36},"end":{"line":52,"column":3}}},"4":{"name":"(anonymous_12)","decl":{"start":{"line":54,"column":15},"end":{"line":54,"column":19}},"loc":{"start":{"line":54,"column":19},"end":{"line":59,"column":null}}},"5":{"name":"(anonymous_14)","decl":{"start":{"line":61,"column":2},"end":{"line":61,"column":11}},"loc":{"start":{"line":61,"column":11},"end":{"line":84,"column":3}}},"6":{"name":"(anonymous_15)","decl":{"start":{"line":65,"column":35},"end":{"line":65,"column":36}},"loc":{"start":{"line":65,"column":65},"end":{"line":83,"column":5}}},"7":{"name":"(anonymous_16)","decl":{"start":{"line":86,"column":16},"end":{"line":86,"column":22}},"loc":{"start":{"line":86,"column":22},"end":{"line":88,"column":null}}},"8":{"name":"(anonymous_18)","decl":{"start":{"line":90,"column":15},"end":{"line":90,"column":25}},"loc":{"start":{"line":90,"column":25},"end":{"line":92,"column":null}}},"9":{"name":"(anonymous_20)","decl":{"start":{"line":94,"column":16},"end":{"line":94,"column":27}},"loc":{"start":{"line":94,"column":27},"end":{"line":96,"column":null}}},"10":{"name":"(anonymous_22)","decl":{"start":{"line":98,"column":8},"end":{"line":98,"column":17}},"loc":{"start":{"line":98,"column":30},"end":{"line":100,"column":null}}},"11":{"name":"(anonymous_24)","decl":{"start":{"line":102,"column":8},"end":{"line":102,"column":13}},"loc":{"start":{"line":102,"column":13},"end":{"line":111,"column":null}}}},"branchMap":{"0":{"loc":{"start":{"line":16,"column":13},"end":{"line":16,"column":24}},"type":"binary-expr","locations":[{"start":{"line":16,"column":13},"end":{"line":16,"column":24}},{"start":{"line":16,"column":28},"end":{"line":16,"column":34}}]},"1":{"loc":{"start":{"line":30,"column":38},"end":{"line":30,"column":40}},"type":"default-arg","locations":[{"start":{"line":30,"column":38},"end":{"line":30,"column":40}}]},"2":{"loc":{"start":{"line":41,"column":4},"end":{"line":43,"column":null}},"type":"if","locations":[{"start":{"line":41,"column":4},"end":{"line":43,"column":null}},{"start":{"line":41,"column":4},"end":{"line":43,"column":null}}]},"3":{"loc":{"start":{"line":41,"column":8},"end":{"line":41,"column":23}},"type":"binary-expr","locations":[{"start":{"line":41,"column":8},"end":{"line":41,"column":23}},{"start":{"line":41,"column":27},"end":{"line":41,"column":47}}]},"4":{"loc":{"start":{"line":47,"column":34},"end":{"line":47,"column":36}},"type":"default-arg","locations":[{"start":{"line":47,"column":34},"end":{"line":47,"column":36}}]},"5":{"loc":{"start":{"line":48,"column":4},"end":{"line":50,"column":null}},"type":"if","locations":[{"start":{"line":48,"column":4},"end":{"line":50,"column":null}},{"start":{"line":48,"column":4},"end":{"line":50,"column":null}}]}},"s":{"0":2,"1":2,"2":2,"3":2,"4":2,"5":2,"6":2,"7":2,"8":2,"9":2,"10":2,"11":2,"12":2,"13":0,"14":0,"15":0,"16":0,"17":0,"18":2,"19":2,"20":2,"21":2,"22":2,"23":2,"24":2,"25":2,"26":2,"27":2,"28":0,"29":0,"30":2,"31":2,"32":2,"33":2,"34":0,"35":0,"36":0,"37":0,"38":0,"39":2},"f":{"0":2,"1":0,"2":0,"3":2,"4":2,"5":2,"6":0,"7":2,"8":2,"9":2,"10":2,"11":0},"b":{"0":[2,0],"1":[0],"2":[0,0],"3":[0,0],"4":[2],"5":[2,0]}}
,"C:\\Users\\ngocduc\\Desktop\\DEMO\\plat-mw-api\\src\\config\\config.ts": {"path":"C:\\Users\\ngocduc\\Desktop\\DEMO\\plat-mw-api\\src\\config\\config.ts","statementMap":{"0":{"start":{"line":17,"column":4},"end":{"line":17,"column":84}},"1":{"start":{"line":18,"column":4},"end":{"line":18,"column":81}},"2":{"start":{"line":19,"column":4},"end":{"line":19,"column":56}},"3":{"start":{"line":20,"column":4},"end":{"line":20,"column":58}},"4":{"start":{"line":21,"column":4},"end":{"line":21,"column":51}},"5":{"start":{"line":22,"column":4},"end":{"line":22,"column":78}},"6":{"start":{"line":23,"column":4},"end":{"line":23,"column":96}},"7":{"start":{"line":24,"column":4},"end":{"line":24,"column":93}},"8":{"start":{"line":25,"column":4},"end":{"line":25,"column":78}},"9":{"start":{"line":26,"column":4},"end":{"line":26,"column":49}},"10":{"start":{"line":28,"column":4},"end":{"line":28,"column":57}},"11":{"start":{"line":29,"column":4},"end":{"line":29,"column":97}},"12":{"start":{"line":30,"column":4},"end":{"line":30,"column":114}},"13":{"start":{"line":34,"column":4},"end":{"line":34,"column":25}},"14":{"start":{"line":38,"column":4},"end":{"line":38,"column":28}},"15":{"start":{"line":42,"column":4},"end":{"line":42,"column":34}},"16":{"start":{"line":46,"column":4},"end":{"line":46,"column":36}},"17":{"start":{"line":50,"column":4},"end":{"line":50,"column":24}},"18":{"start":{"line":54,"column":4},"end":{"line":54,"column":32}},"19":{"start":{"line":58,"column":4},"end":{"line":58,"column":28}},"20":{"start":{"line":62,"column":4},"end":{"line":62,"column":22}},"21":{"start":{"line":66,"column":4},"end":{"line":66,"column":27}},"22":{"start":{"line":70,"column":4},"end":{"line":70,"column":33}},"23":{"start":{"line":74,"column":4},"end":{"line":74,"column":32}},"24":{"start":{"line":78,"column":4},"end":{"line":78,"column":34}},"25":{"start":{"line":82,"column":4},"end":{"line":82,"column":26}},"26":{"start":{"line":86,"column":15},"end":{"line":86,"column":32}},"27":{"start":{"line":87,"column":0},"end":{"line":87,"column":22}}},"fnMap":{"0":{"name":"(anonymous_0)","decl":{"start":{"line":16,"column":2},"end":{"line":16,"column":null}},"loc":{"start":{"line":16,"column":2},"end":{"line":31,"column":3}}},"1":{"name":"(anonymous_1)","decl":{"start":{"line":33,"column":2},"end":{"line":33,"column":6}},"loc":{"start":{"line":33,"column":13},"end":{"line":35,"column":3}}},"2":{"name":"(anonymous_2)","decl":{"start":{"line":37,"column":2},"end":{"line":37,"column":6}},"loc":{"start":{"line":37,"column":16},"end":{"line":39,"column":3}}},"3":{"name":"(anonymous_3)","decl":{"start":{"line":41,"column":2},"end":{"line":41,"column":6}},"loc":{"start":{"line":41,"column":22},"end":{"line":43,"column":3}}},"4":{"name":"(anonymous_4)","decl":{"start":{"line":45,"column":2},"end":{"line":45,"column":6}},"loc":{"start":{"line":45,"column":24},"end":{"line":47,"column":3}}},"5":{"name":"(anonymous_5)","decl":{"start":{"line":49,"column":2},"end":{"line":49,"column":6}},"loc":{"start":{"line":49,"column":12},"end":{"line":51,"column":3}}},"6":{"name":"(anonymous_6)","decl":{"start":{"line":53,"column":2},"end":{"line":53,"column":6}},"loc":{"start":{"line":53,"column":20},"end":{"line":55,"column":3}}},"7":{"name":"(anonymous_7)","decl":{"start":{"line":57,"column":2},"end":{"line":57,"column":6}},"loc":{"start":{"line":57,"column":16},"end":{"line":59,"column":3}}},"8":{"name":"(anonymous_8)","decl":{"start":{"line":61,"column":2},"end":{"line":61,"column":6}},"loc":{"start":{"line":61,"column":10},"end":{"line":63,"column":3}}},"9":{"name":"(anonymous_9)","decl":{"start":{"line":65,"column":2},"end":{"line":65,"column":6}},"loc":{"start":{"line":65,"column":15},"end":{"line":67,"column":3}}},"10":{"name":"(anonymous_10)","decl":{"start":{"line":69,"column":2},"end":{"line":69,"column":6}},"loc":{"start":{"line":69,"column":21},"end":{"line":71,"column":3}}},"11":{"name":"(anonymous_11)","decl":{"start":{"line":73,"column":2},"end":{"line":73,"column":6}},"loc":{"start":{"line":73,"column":20},"end":{"line":75,"column":3}}},"12":{"name":"(anonymous_12)","decl":{"start":{"line":77,"column":2},"end":{"line":77,"column":6}},"loc":{"start":{"line":77,"column":22},"end":{"line":79,"column":3}}},"13":{"name":"(anonymous_13)","decl":{"start":{"line":81,"column":2},"end":{"line":81,"column":6}},"loc":{"start":{"line":81,"column":14},"end":{"line":83,"column":3}}}},"branchMap":{"0":{"loc":{"start":{"line":17,"column":40},"end":{"line":17,"column":71}},"type":"binary-expr","locations":[{"start":{"line":17,"column":40},"end":{"line":17,"column":71}},{"start":{"line":17,"column":75},"end":{"line":17,"column":78}}]},"1":{"loc":{"start":{"line":18,"column":23},"end":{"line":18,"column":46}},"type":"binary-expr","locations":[{"start":{"line":18,"column":23},"end":{"line":18,"column":46}},{"start":{"line":18,"column":50},"end":{"line":18,"column":80}}]},"2":{"loc":{"start":{"line":20,"column":26},"end":{"line":20,"column":42}},"type":"binary-expr","locations":[{"start":{"line":20,"column":26},"end":{"line":20,"column":42}},{"start":{"line":20,"column":46},"end":{"line":20,"column":52}}]},"3":{"loc":{"start":{"line":21,"column":19},"end":{"line":21,"column":38}},"type":"binary-expr","locations":[{"start":{"line":21,"column":19},"end":{"line":21,"column":38}},{"start":{"line":21,"column":42},"end":{"line":21,"column":50}}]},"4":{"loc":{"start":{"line":22,"column":22},"end":{"line":22,"column":44}},"type":"binary-expr","locations":[{"start":{"line":22,"column":22},"end":{"line":22,"column":44}},{"start":{"line":22,"column":48},"end":{"line":22,"column":77}}]},"5":{"loc":{"start":{"line":23,"column":28},"end":{"line":23,"column":58}},"type":"binary-expr","locations":[{"start":{"line":23,"column":28},"end":{"line":23,"column":58}},{"start":{"line":23,"column":62},"end":{"line":23,"column":95}}]},"6":{"loc":{"start":{"line":24,"column":27},"end":{"line":24,"column":56}},"type":"binary-expr","locations":[{"start":{"line":24,"column":27},"end":{"line":24,"column":56}},{"start":{"line":24,"column":60},"end":{"line":24,"column":92}}]},"7":{"loc":{"start":{"line":25,"column":29},"end":{"line":25,"column":57}},"type":"binary-expr","locations":[{"start":{"line":25,"column":29},"end":{"line":25,"column":57}},{"start":{"line":25,"column":61},"end":{"line":25,"column":77}}]},"8":{"loc":{"start":{"line":26,"column":21},"end":{"line":26,"column":42}},"type":"binary-expr","locations":[{"start":{"line":26,"column":21},"end":{"line":26,"column":42}},{"start":{"line":26,"column":46},"end":{"line":26,"column":48}}]},"9":{"loc":{"start":{"line":28,"column":20},"end":{"line":28,"column":40}},"type":"binary-expr","locations":[{"start":{"line":28,"column":20},"end":{"line":28,"column":40}},{"start":{"line":28,"column":44},"end":{"line":28,"column":56}}]},"10":{"loc":{"start":{"line":29,"column":67},"end":{"line":29,"column":90}},"type":"cond-expr","locations":[{"start":{"line":29,"column":67},"end":{"line":29,"column":90}},{"start":{"line":29,"column":93},"end":{"line":29,"column":96}}]},"11":{"loc":{"start":{"line":30,"column":29},"end":{"line":30,"column":59}},"type":"binary-expr","locations":[{"start":{"line":30,"column":29},"end":{"line":30,"column":59}},{"start":{"line":30,"column":63},"end":{"line":30,"column":113}}]}},"s":{"0":2,"1":2,"2":2,"3":2,"4":2,"5":2,"6":2,"7":2,"8":2,"9":2,"10":2,"11":2,"12":2,"13":0,"14":0,"15":0,"16":0,"17":0,"18":0,"19":4,"20":2,"21":2,"22":0,"23":0,"24":2,"25":2,"26":2,"27":2},"f":{"0":2,"1":0,"2":0,"3":0,"4":0,"5":0,"6":0,"7":4,"8":2,"9":2,"10":0,"11":0,"12":2,"13":2},"b":{"0":[2,0],"1":[2,0],"2":[2,0],"3":[2,0],"4":[2,0],"5":[2,0],"6":[2,0],"7":[2,0],"8":[2,0],"9":[2,0],"10":[0,2],"11":[2,2]}}
,"C:\\Users\\ngocduc\\Desktop\\DEMO\\plat-mw-api\\src\\constants\\mongodb.ts": {"path":"C:\\Users\\ngocduc\\Desktop\\DEMO\\plat-mw-api\\src\\constants\\mongodb.ts","statementMap":{"0":{"start":{"line":1,"column":0},"end":{"line":3,"column":2}}},"fnMap":{},"branchMap":{},"s":{"0":2},"f":{},"b":{}}
,"C:\\Users\\ngocduc\\Desktop\\DEMO\\plat-mw-api\\src\\constants\\settingdb.ts": {"path":"C:\\Users\\ngocduc\\Desktop\\DEMO\\plat-mw-api\\src\\constants\\settingdb.ts","statementMap":{"0":{"start":{"line":1,"column":0},"end":{"line":4,"column":2}}},"fnMap":{},"branchMap":{},"s":{"0":2},"f":{},"b":{}}
,"C:\\Users\\ngocduc\\Desktop\\DEMO\\plat-mw-api\\src\\controllers\\TeamMemberController.ts": {"path":"C:\\Users\\ngocduc\\Desktop\\DEMO\\plat-mw-api\\src\\controllers\\TeamMemberController.ts","statementMap":{"0":{"start":{"line":2,"column":0},"end":{"line":2,"column":35}},"1":{"start":{"line":3,"column":0},"end":{"line":3,"column":23}},"2":{"start":{"line":4,"column":0},"end":{"line":4,"column":43}},"3":{"start":{"line":5,"column":0},"end":{"line":5,"column":38}},"4":{"start":{"line":6,"column":0},"end":{"line":6,"column":66}},"5":{"start":{"line":7,"column":0},"end":{"line":7,"column":70}},"6":{"start":{"line":8,"column":0},"end":{"line":8,"column":72}},"7":{"start":{"line":9,"column":0},"end":{"line":9,"column":70}},"8":{"start":{"line":10,"column":0},"end":{"line":10,"column":64}},"9":{"start":{"line":66,"column":4},"end":{"line":66,"column":55}},"10":{"start":{"line":67,"column":4},"end":{"line":67,"column":59}},"11":{"start":{"line":68,"column":4},"end":{"line":68,"column":61}},"12":{"start":{"line":69,"column":4},"end":{"line":69,"column":59}},"13":{"start":{"line":70,"column":4},"end":{"line":70,"column":57}},"14":{"start":{"line":71,"column":4},"end":{"line":71,"column":61}},"15":{"start":{"line":72,"column":4},"end":{"line":72,"column":63}},"16":{"start":{"line":73,"column":4},"end":{"line":73,"column":61}},"17":{"start":{"line":74,"column":4},"end":{"line":74,"column":69}},"18":{"start":{"line":78,"column":4},"end":{"line":92,"column":null}},"19":{"start":{"line":79,"column":23},"end":{"line":79,"column":38}},"20":{"start":{"line":80,"column":28},"end":{"line":80,"column":42}},"21":{"start":{"line":81,"column":6},"end":{"line":83,"column":null}},"22":{"start":{"line":82,"column":8},"end":{"line":82,"column":55}},"23":{"start":{"line":84,"column":25},"end":{"line":84,"column":102}},"24":{"start":{"line":85,"column":6},"end":{"line":85,"column":67}},"25":{"start":{"line":87,"column":6},"end":{"line":89,"column":null}},"26":{"start":{"line":88,"column":8},"end":{"line":88,"column":38}},"27":{"start":{"line":90,"column":6},"end":{"line":90,"column":45}},"28":{"start":{"line":91,"column":6},"end":{"line":91,"column":49}},"29":{"start":{"line":96,"column":4},"end":{"line":110,"column":null}},"30":{"start":{"line":97,"column":48},"end":{"line":97,"column":63}},"31":{"start":{"line":98,"column":28},"end":{"line":98,"column":42}},"32":{"start":{"line":99,"column":6},"end":{"line":101,"column":null}},"33":{"start":{"line":100,"column":8},"end":{"line":100,"column":57}},"34":{"start":{"line":102,"column":25},"end":{"line":102,"column":154}},"35":{"start":{"line":103,"column":6},"end":{"line":103,"column":67}},"36":{"start":{"line":105,"column":6},"end":{"line":107,"column":null}},"37":{"start":{"line":106,"column":8},"end":{"line":106,"column":38}},"38":{"start":{"line":108,"column":6},"end":{"line":108,"column":47}},"39":{"start":{"line":109,"column":6},"end":{"line":109,"column":49}},"40":{"start":{"line":114,"column":4},"end":{"line":128,"column":null}},"41":{"start":{"line":115,"column":38},"end":{"line":115,"column":53}},"42":{"start":{"line":116,"column":28},"end":{"line":116,"column":42}},"43":{"start":{"line":117,"column":6},"end":{"line":119,"column":null}},"44":{"start":{"line":118,"column":8},"end":{"line":118,"column":59}},"45":{"start":{"line":120,"column":25},"end":{"line":120,"column":135}},"46":{"start":{"line":121,"column":6},"end":{"line":121,"column":67}},"47":{"start":{"line":123,"column":6},"end":{"line":125,"column":null}},"48":{"start":{"line":124,"column":8},"end":{"line":124,"column":38}},"49":{"start":{"line":126,"column":6},"end":{"line":126,"column":48}},"50":{"start":{"line":127,"column":6},"end":{"line":127,"column":49}},"51":{"start":{"line":132,"column":4},"end":{"line":146,"column":null}},"52":{"start":{"line":133,"column":40},"end":{"line":133,"column":55}},"53":{"start":{"line":134,"column":28},"end":{"line":134,"column":42}},"54":{"start":{"line":135,"column":6},"end":{"line":137,"column":null}},"55":{"start":{"line":136,"column":8},"end":{"line":136,"column":59}},"56":{"start":{"line":138,"column":25},"end":{"line":138,"column":138}},"57":{"start":{"line":139,"column":6},"end":{"line":139,"column":67}},"58":{"start":{"line":141,"column":6},"end":{"line":143,"column":null}},"59":{"start":{"line":142,"column":8},"end":{"line":142,"column":38}},"60":{"start":{"line":144,"column":6},"end":{"line":144,"column":47}},"61":{"start":{"line":145,"column":6},"end":{"line":145,"column":49}},"62":{"start":{"line":150,"column":4},"end":{"line":165,"column":null}},"63":{"start":{"line":151,"column":28},"end":{"line":151,"column":42}},"64":{"start":{"line":152,"column":22},"end":{"line":152,"column":73}},"65":{"start":{"line":153,"column":26},"end":{"line":153,"column":165}},"66":{"start":{"line":154,"column":6},"end":{"line":156,"column":null}},"67":{"start":{"line":155,"column":8},"end":{"line":155,"column":21}},"68":{"start":{"line":157,"column":28},"end":{"line":159,"column":8}},"69":{"start":{"line":160,"column":6},"end":{"line":160,"column":114}},"70":{"start":{"line":161,"column":6},"end":{"line":161,"column":60}},"71":{"start":{"line":163,"column":6},"end":{"line":163,"column":24}},"72":{"start":{"line":164,"column":6},"end":{"line":164,"column":31}},"73":{"start":{"line":59,"column":0},"end":{"line":59,"column":21}}},"fnMap":{"0":{"name":"(anonymous_8)","decl":{"start":{"line":65,"column":2},"end":{"line":65,"column":null}},"loc":{"start":{"line":65,"column":2},"end":{"line":75,"column":3}}},"1":{"name":"(anonymous_9)","decl":{"start":{"line":77,"column":15},"end":{"line":77,"column":29}},"loc":{"start":{"line":77,"column":80},"end":{"line":93,"column":null}}},"2":{"name":"(anonymous_11)","decl":{"start":{"line":95,"column":15},"end":{"line":95,"column":31}},"loc":{"start":{"line":95,"column":84},"end":{"line":111,"column":null}}},"3":{"name":"(anonymous_13)","decl":{"start":{"line":113,"column":15},"end":{"line":113,"column":32}},"loc":{"start":{"line":113,"column":86},"end":{"line":129,"column":null}}},"4":{"name":"(anonymous_15)","decl":{"start":{"line":131,"column":15},"end":{"line":131,"column":31}},"loc":{"start":{"line":131,"column":84},"end":{"line":147,"column":null}}},"5":{"name":"(anonymous_17)","decl":{"start":{"line":149,"column":15},"end":{"line":149,"column":35}},"loc":{"start":{"line":149,"column":96},"end":{"line":166,"column":null}}}},"branchMap":{"0":{"loc":{"start":{"line":81,"column":6},"end":{"line":83,"column":null}},"type":"if","locations":[{"start":{"line":81,"column":6},"end":{"line":83,"column":null}},{"start":{"line":81,"column":6},"end":{"line":83,"column":null}}]},"1":{"loc":{"start":{"line":87,"column":6},"end":{"line":89,"column":null}},"type":"if","locations":[{"start":{"line":87,"column":6},"end":{"line":89,"column":null}},{"start":{"line":87,"column":6},"end":{"line":89,"column":null}}]},"2":{"loc":{"start":{"line":99,"column":6},"end":{"line":101,"column":null}},"type":"if","locations":[{"start":{"line":99,"column":6},"end":{"line":101,"column":null}},{"start":{"line":99,"column":6},"end":{"line":101,"column":null}}]},"3":{"loc":{"start":{"line":105,"column":6},"end":{"line":107,"column":null}},"type":"if","locations":[{"start":{"line":105,"column":6},"end":{"line":107,"column":null}},{"start":{"line":105,"column":6},"end":{"line":107,"column":null}}]},"4":{"loc":{"start":{"line":117,"column":6},"end":{"line":119,"column":null}},"type":"if","locations":[{"start":{"line":117,"column":6},"end":{"line":119,"column":null}},{"start":{"line":117,"column":6},"end":{"line":119,"column":null}}]},"5":{"loc":{"start":{"line":123,"column":6},"end":{"line":125,"column":null}},"type":"if","locations":[{"start":{"line":123,"column":6},"end":{"line":125,"column":null}},{"start":{"line":123,"column":6},"end":{"line":125,"column":null}}]},"6":{"loc":{"start":{"line":135,"column":6},"end":{"line":137,"column":null}},"type":"if","locations":[{"start":{"line":135,"column":6},"end":{"line":137,"column":null}},{"start":{"line":135,"column":6},"end":{"line":137,"column":null}}]},"7":{"loc":{"start":{"line":141,"column":6},"end":{"line":143,"column":null}},"type":"if","locations":[{"start":{"line":141,"column":6},"end":{"line":143,"column":null}},{"start":{"line":141,"column":6},"end":{"line":143,"column":null}}]},"8":{"loc":{"start":{"line":153,"column":71},"end":{"line":153,"column":102}},"type":"cond-expr","locations":[{"start":{"line":153,"column":71},"end":{"line":153,"column":102}},{"start":{"line":153,"column":105},"end":{"line":153,"column":165}}]},"9":{"loc":{"start":{"line":153,"column":26},"end":{"line":153,"column":33}},"type":"binary-expr","locations":[{"start":{"line":153,"column":26},"end":{"line":153,"column":33}},{"start":{"line":153,"column":37},"end":{"line":153,"column":68}}]},"10":{"loc":{"start":{"line":153,"column":127},"end":{"line":153,"column":158}},"type":"cond-expr","locations":[{"start":{"line":153,"column":127},"end":{"line":153,"column":158}},{"start":{"line":153,"column":161},"end":{"line":153,"column":165}}]},"11":{"loc":{"start":{"line":154,"column":6},"end":{"line":156,"column":null}},"type":"if","locations":[{"start":{"line":154,"column":6},"end":{"line":156,"column":null}},{"start":{"line":154,"column":6},"end":{"line":156,"column":null}}]}},"s":{"0":2,"1":2,"2":2,"3":2,"4":2,"5":2,"6":2,"7":2,"8":2,"9":2,"10":2,"11":2,"12":2,"13":2,"14":2,"15":2,"16":2,"17":2,"18":2,"19":2,"20":2,"21":2,"22":1,"23":1,"24":1,"25":1,"26":1,"27":0,"28":0,"29":0,"30":0,"31":0,"32":0,"33":0,"34":0,"35":0,"36":0,"37":0,"38":0,"39":0,"40":0,"41":0,"42":0,"43":0,"44":0,"45":0,"46":0,"47":0,"48":0,"49":0,"50":0,"51":0,"52":0,"53":0,"54":0,"55":0,"56":0,"57":0,"58":0,"59":0,"60":0,"61":0,"62":1,"63":1,"64":1,"65":1,"66":1,"67":0,"68":1,"69":1,"70":1,"71":0,"72":0,"73":2},"f":{"0":2,"1":2,"2":0,"3":0,"4":0,"5":1},"b":{"0":[1,1],"1":[1,0],"2":[0,0],"3":[0,0],"4":[0,0],"5":[0,0],"6":[0,0],"7":[0,0],"8":[1,0],"9":[1,1],"10":[0,0],"11":[0,1]}}
,"C:\\Users\\ngocduc\\Desktop\\DEMO\\plat-mw-api\\src\\enum\\Httpcode.ts": {"path":"C:\\Users\\ngocduc\\Desktop\\DEMO\\plat-mw-api\\src\\enum\\Httpcode.ts","statementMap":{"0":{"start":{"line":1,"column":0},"end":{"line":1,"column":null}},"1":{"start":{"line":2,"column":2},"end":{"line":2,"column":null}},"2":{"start":{"line":3,"column":2},"end":{"line":3,"column":null}},"3":{"start":{"line":6,"column":0},"end":{"line":6,"column":null}},"4":{"start":{"line":7,"column":2},"end":{"line":7,"column":null}},"5":{"start":{"line":8,"column":2},"end":{"line":8,"column":null}},"6":{"start":{"line":9,"column":2},"end":{"line":9,"column":null}}},"fnMap":{"0":{"name":"(anonymous_0)","decl":{"start":{"line":1,"column":0},"end":{"line":1,"column":12}},"loc":{"start":{"line":1,"column":19},"end":{"line":4,"column":1}}},"1":{"name":"(anonymous_1)","decl":{"start":{"line":6,"column":0},"end":{"line":6,"column":12}},"loc":{"start":{"line":6,"column":17},"end":{"line":10,"column":1}}}},"branchMap":{"0":{"loc":{"start":{"line":1,"column":12},"end":{"line":1,"column":19}},"type":"binary-expr","locations":[{"start":{"line":1,"column":12},"end":{"line":1,"column":19}},{"start":{"line":1,"column":12},"end":{"line":1,"column":null}}]},"1":{"loc":{"start":{"line":6,"column":12},"end":{"line":6,"column":17}},"type":"binary-expr","locations":[{"start":{"line":6,"column":12},"end":{"line":6,"column":17}},{"start":{"line":6,"column":12},"end":{"line":6,"column":null}}]}},"s":{"0":2,"1":2,"2":2,"3":2,"4":2,"5":2,"6":2},"f":{"0":2,"1":2},"b":{"0":[2,2],"1":[2,2]}}
,"C:\\Users\\ngocduc\\Desktop\\DEMO\\plat-mw-api\\src\\models\\DeparmentModel.ts": {"path":"C:\\Users\\ngocduc\\Desktop\\DEMO\\plat-mw-api\\src\\models\\DeparmentModel.ts","statementMap":{"0":{"start":{"line":1,"column":0},"end":{"line":1,"column":48}},"1":{"start":{"line":2,"column":0},"end":{"line":2,"column":24}},"2":{"start":{"line":5,"column":29},"end":{"line":5,"column":62}},"3":{"start":{"line":7,"column":16},"end":{"line":7,"column":45}},"4":{"start":{"line":9,"column":18},"end":{"line":12,"column":1}},"5":{"start":{"line":10,"column":2},"end":{"line":10,"column":30}},"6":{"start":{"line":11,"column":2},"end":{"line":11,"column":17}},"7":{"start":{"line":14,"column":23},"end":{"line":32,"column":2}},"8":{"start":{"line":34,"column":0},"end":{"line":34,"column":46}},"9":{"start":{"line":36,"column":44},"end":{"line":36,"column":134}},"10":{"start":{"line":38,"column":0},"end":{"line":38,"column":31}}},"fnMap":{"0":{"name":"(anonymous_1)","decl":{"start":{"line":9,"column":18},"end":{"line":9,"column":19}},"loc":{"start":{"line":9,"column":49},"end":{"line":12,"column":1}}}},"branchMap":{},"s":{"0":2,"1":2,"2":2,"3":2,"4":2,"5":0,"6":0,"7":2,"8":2,"9":2,"10":2},"f":{"0":0},"b":{}}
,"C:\\Users\\ngocduc\\Desktop\\DEMO\\plat-mw-api\\src\\models\\DirectorModel.ts": {"path":"C:\\Users\\ngocduc\\Desktop\\DEMO\\plat-mw-api\\src\\models\\DirectorModel.ts","statementMap":{"0":{"start":{"line":1,"column":0},"end":{"line":1,"column":48}},"1":{"start":{"line":2,"column":0},"end":{"line":2,"column":24}},"2":{"start":{"line":5,"column":29},"end":{"line":5,"column":62}},"3":{"start":{"line":7,"column":16},"end":{"line":7,"column":45}},"4":{"start":{"line":9,"column":18},"end":{"line":12,"column":1}},"5":{"start":{"line":10,"column":2},"end":{"line":10,"column":30}},"6":{"start":{"line":11,"column":2},"end":{"line":11,"column":17}},"7":{"start":{"line":14,"column":21},"end":{"line":30,"column":2}},"8":{"start":{"line":32,"column":0},"end":{"line":32,"column":44}},"9":{"start":{"line":34,"column":40},"end":{"line":34,"column":122}},"10":{"start":{"line":36,"column":0},"end":{"line":36,"column":29}}},"fnMap":{"0":{"name":"(anonymous_1)","decl":{"start":{"line":9,"column":18},"end":{"line":9,"column":19}},"loc":{"start":{"line":9,"column":47},"end":{"line":12,"column":1}}}},"branchMap":{},"s":{"0":2,"1":2,"2":2,"3":2,"4":2,"5":1,"6":1,"7":2,"8":2,"9":2,"10":2},"f":{"0":1},"b":{}}
,"C:\\Users\\ngocduc\\Desktop\\DEMO\\plat-mw-api\\src\\models\\ProjectTeamModel.ts": {"path":"C:\\Users\\ngocduc\\Desktop\\DEMO\\plat-mw-api\\src\\models\\ProjectTeamModel.ts","statementMap":{"0":{"start":{"line":1,"column":0},"end":{"line":1,"column":48}},"1":{"start":{"line":2,"column":0},"end":{"line":2,"column":24}},"2":{"start":{"line":5,"column":29},"end":{"line":5,"column":62}},"3":{"start":{"line":7,"column":16},"end":{"line":7,"column":45}},"4":{"start":{"line":9,"column":18},"end":{"line":12,"column":1}},"5":{"start":{"line":10,"column":2},"end":{"line":10,"column":30}},"6":{"start":{"line":11,"column":2},"end":{"line":11,"column":17}},"7":{"start":{"line":14,"column":24},"end":{"line":31,"column":2}},"8":{"start":{"line":33,"column":0},"end":{"line":33,"column":47}},"9":{"start":{"line":35,"column":45},"end":{"line":35,"column":139}},"10":{"start":{"line":37,"column":0},"end":{"line":37,"column":32}}},"fnMap":{"0":{"name":"(anonymous_1)","decl":{"start":{"line":9,"column":18},"end":{"line":9,"column":19}},"loc":{"start":{"line":9,"column":49},"end":{"line":12,"column":1}}}},"branchMap":{},"s":{"0":2,"1":2,"2":2,"3":2,"4":2,"5":0,"6":0,"7":2,"8":2,"9":2,"10":2},"f":{"0":0},"b":{}}
,"C:\\Users\\ngocduc\\Desktop\\DEMO\\plat-mw-api\\src\\models\\SettingModel.ts": {"path":"C:\\Users\\ngocduc\\Desktop\\DEMO\\plat-mw-api\\src\\models\\SettingModel.ts","statementMap":{"0":{"start":{"line":1,"column":0},"end":{"line":1,"column":48}},"1":{"start":{"line":2,"column":0},"end":{"line":2,"column":24}},"2":{"start":{"line":6,"column":29},"end":{"line":6,"column":62}},"3":{"start":{"line":8,"column":16},"end":{"line":8,"column":45}},"4":{"start":{"line":10,"column":18},"end":{"line":13,"column":1}},"5":{"start":{"line":11,"column":2},"end":{"line":11,"column":30}},"6":{"start":{"line":12,"column":2},"end":{"line":12,"column":17}},"7":{"start":{"line":15,"column":20},"end":{"line":29,"column":2}},"8":{"start":{"line":31,"column":0},"end":{"line":31,"column":43}},"9":{"start":{"line":33,"column":41},"end":{"line":33,"column":122}},"10":{"start":{"line":35,"column":0},"end":{"line":35,"column":28}}},"fnMap":{"0":{"name":"(anonymous_1)","decl":{"start":{"line":10,"column":18},"end":{"line":10,"column":19}},"loc":{"start":{"line":10,"column":46},"end":{"line":13,"column":1}}}},"branchMap":{},"s":{"0":2,"1":2,"2":2,"3":2,"4":2,"5":0,"6":0,"7":2,"8":2,"9":2,"10":2},"f":{"0":0},"b":{}}
,"C:\\Users\\ngocduc\\Desktop\\DEMO\\plat-mw-api\\src\\models\\TeamMemberModel.ts": {"path":"C:\\Users\\ngocduc\\Desktop\\DEMO\\plat-mw-api\\src\\models\\TeamMemberModel.ts","statementMap":{"0":{"start":{"line":1,"column":0},"end":{"line":1,"column":48}},"1":{"start":{"line":2,"column":0},"end":{"line":2,"column":24}},"2":{"start":{"line":5,"column":29},"end":{"line":5,"column":62}},"3":{"start":{"line":7,"column":16},"end":{"line":7,"column":45}},"4":{"start":{"line":9,"column":18},"end":{"line":12,"column":1}},"5":{"start":{"line":10,"column":2},"end":{"line":10,"column":30}},"6":{"start":{"line":11,"column":2},"end":{"line":11,"column":17}},"7":{"start":{"line":14,"column":23},"end":{"line":31,"column":2}},"8":{"start":{"line":33,"column":0},"end":{"line":33,"column":46}},"9":{"start":{"line":35,"column":44},"end":{"line":35,"column":135}},"10":{"start":{"line":37,"column":0},"end":{"line":37,"column":31}}},"fnMap":{"0":{"name":"(anonymous_1)","decl":{"start":{"line":9,"column":18},"end":{"line":9,"column":19}},"loc":{"start":{"line":9,"column":49},"end":{"line":12,"column":1}}}},"branchMap":{},"s":{"0":2,"1":2,"2":2,"3":2,"4":2,"5":0,"6":0,"7":2,"8":2,"9":2,"10":2},"f":{"0":0},"b":{}}
,"C:\\Users\\ngocduc\\Desktop\\DEMO\\plat-mw-api\\src\\plugins\\auth\\jwt-hapi.ts": {"path":"C:\\Users\\ngocduc\\Desktop\\DEMO\\plat-mw-api\\src\\plugins\\auth\\jwt-hapi.ts","statementMap":{"0":{"start":{"line":2,"column":0},"end":{"line":2,"column":36}},"1":{"start":{"line":3,"column":0},"end":{"line":3,"column":31}},"2":{"start":{"line":5,"column":13},"end":{"line":5,"column":28}},"3":{"start":{"line":6,"column":13},"end":{"line":6,"column":28}},"4":{"start":{"line":7,"column":11},"end":{"line":7,"column":24}},"5":{"start":{"line":8,"column":13},"end":{"line":8,"column":28}},"6":{"start":{"line":10,"column":23},"end":{"line":12,"column":2}},"7":{"start":{"line":15,"column":23},"end":{"line":18,"column":2}},"8":{"start":{"line":20,"column":18},"end":{"line":27,"column":1}},"9":{"start":{"line":21,"column":2},"end":{"line":26,"column":null}},"10":{"start":{"line":22,"column":4},"end":{"line":22,"column":25}},"11":{"start":{"line":23,"column":4},"end":{"line":23,"column":57}},"12":{"start":{"line":25,"column":4},"end":{"line":25,"column":21}},"13":{"start":{"line":29,"column":24},"end":{"line":44,"column":2}},"14":{"start":{"line":29,"column":115},"end":{"line":44,"column":2}},"15":{"start":{"line":30,"column":29},"end":{"line":30,"column":65}},"16":{"start":{"line":31,"column":2},"end":{"line":31,"column":22}},"17":{"start":{"line":32,"column":2},"end":{"line":42,"column":null}},"18":{"start":{"line":34,"column":37},"end":{"line":34,"column":92}},"19":{"start":{"line":36,"column":4},"end":{"line":38,"column":null}},"20":{"start":{"line":37,"column":6},"end":{"line":37,"column":25}},"21":{"start":{"line":43,"column":2},"end":{"line":43,"column":15}},"22":{"start":{"line":46,"column":19},"end":{"line":89,"column":1}},"23":{"start":{"line":47,"column":2},"end":{"line":47,"column":58}},"24":{"start":{"line":48,"column":19},"end":{"line":48,"column":38}},"25":{"start":{"line":49,"column":26},"end":{"line":49,"column":102}},"26":{"start":{"line":51,"column":23},"end":{"line":84,"column":4}},"27":{"start":{"line":51,"column":54},"end":{"line":84,"column":4}},"28":{"start":{"line":52,"column":20},"end":{"line":52,"column":35}},"29":{"start":{"line":53,"column":26},"end":{"line":53,"column":52}},"30":{"start":{"line":55,"column":4},"end":{"line":58,"column":null}},"31":{"start":{"line":56,"column":6},"end":{"line":56,"column":27}},"32":{"start":{"line":57,"column":6},"end":{"line":57,"column":88}},"33":{"start":{"line":60,"column":18},"end":{"line":60,"column":44}},"34":{"start":{"line":61,"column":4},"end":{"line":64,"column":null}},"35":{"start":{"line":62,"column":6},"end":{"line":62,"column":27}},"36":{"start":{"line":63,"column":6},"end":{"line":63,"column":88}},"37":{"start":{"line":65,"column":21},"end":{"line":65,"column":37}},"38":{"start":{"line":66,"column":18},"end":{"line":66,"column":73}},"39":{"start":{"line":68,"column":4},"end":{"line":82,"column":null}},"40":{"start":{"line":69,"column":26},"end":{"line":69,"column":102}},"41":{"start":{"line":70,"column":6},"end":{"line":70,"column":47}},"42":{"start":{"line":71,"column":6},"end":{"line":73,"column":null}},"43":{"start":{"line":72,"column":8},"end":{"line":72,"column":48}},"44":{"start":{"line":76,"column":10},"end":{"line":78,"column":31}},"45":{"start":{"line":79,"column":6},"end":{"line":81,"column":8}},"46":{"start":{"line":83,"column":4},"end":{"line":83,"column":45}},"47":{"start":{"line":86,"column":2},"end":{"line":88,"column":4}},"48":{"start":{"line":91,"column":17},"end":{"line":99,"column":2}},"49":{"start":{"line":91,"column":67},"end":{"line":99,"column":2}},"50":{"start":{"line":92,"column":2},"end":{"line":92,"column":70}},"51":{"start":{"line":93,"column":2},"end":{"line":93,"column":59}},"52":{"start":{"line":94,"column":2},"end":{"line":98,"column":null}},"53":{"start":{"line":95,"column":4},"end":{"line":97,"column":30}},"54":{"start":{"line":101,"column":13},"end":{"line":101,"column":18}},"55":{"start":{"line":102,"column":16},"end":{"line":102,"column":23}},"56":{"start":{"line":103,"column":0},"end":{"line":103,"column":43}}},"fnMap":{"0":{"name":"(anonymous_7)","decl":{"start":{"line":20,"column":18},"end":{"line":20,"column":19}},"loc":{"start":{"line":20,"column":60},"end":{"line":27,"column":1}}},"1":{"name":"(anonymous_8)","decl":{"start":{"line":29,"column":24},"end":{"line":29,"column":31}},"loc":{"start":{"line":29,"column":115},"end":{"line":44,"column":2}}},"2":{"name":"(anonymous_9)","decl":{"start":{"line":29,"column":115},"end":{"line":29,"column":null}},"loc":{"start":{"line":29,"column":115},"end":{"line":44,"column":1}}},"3":{"name":"(anonymous_10)","decl":{"start":{"line":46,"column":19},"end":{"line":46,"column":20}},"loc":{"start":{"line":46,"column":62},"end":{"line":89,"column":1}}},"4":{"name":"(anonymous_11)","decl":{"start":{"line":51,"column":23},"end":{"line":51,"column":30}},"loc":{"start":{"line":51,"column":54},"end":{"line":84,"column":4}}},"5":{"name":"(anonymous_12)","decl":{"start":{"line":51,"column":54},"end":{"line":51,"column":null}},"loc":{"start":{"line":51,"column":54},"end":{"line":84,"column":3}}},"6":{"name":"(anonymous_13)","decl":{"start":{"line":91,"column":17},"end":{"line":91,"column":24}},"loc":{"start":{"line":91,"column":67},"end":{"line":99,"column":2}}},"7":{"name":"(anonymous_14)","decl":{"start":{"line":91,"column":67},"end":{"line":91,"column":null}},"loc":{"start":{"line":91,"column":67},"end":{"line":99,"column":1}}}},"branchMap":{"0":{"loc":{"start":{"line":36,"column":4},"end":{"line":38,"column":null}},"type":"if","locations":[{"start":{"line":36,"column":4},"end":{"line":38,"column":null}},{"start":{"line":36,"column":4},"end":{"line":38,"column":null}}]},"1":{"loc":{"start":{"line":36,"column":8},"end":{"line":36,"column":15}},"type":"binary-expr","locations":[{"start":{"line":36,"column":8},"end":{"line":36,"column":15}},{"start":{"line":36,"column":19},"end":{"line":36,"column":44}}]},"2":{"loc":{"start":{"line":46,"column":56},"end":{"line":46,"column":58}},"type":"default-arg","locations":[{"start":{"line":46,"column":56},"end":{"line":46,"column":58}}]},"3":{"loc":{"start":{"line":55,"column":4},"end":{"line":58,"column":null}},"type":"if","locations":[{"start":{"line":55,"column":4},"end":{"line":58,"column":null}},{"start":{"line":55,"column":4},"end":{"line":58,"column":null}}]},"4":{"loc":{"start":{"line":61,"column":4},"end":{"line":64,"column":null}},"type":"if","locations":[{"start":{"line":61,"column":4},"end":{"line":64,"column":null}},{"start":{"line":61,"column":4},"end":{"line":64,"column":null}}]},"5":{"loc":{"start":{"line":61,"column":8},"end":{"line":61,"column":25}},"type":"binary-expr","locations":[{"start":{"line":61,"column":8},"end":{"line":61,"column":25}},{"start":{"line":61,"column":29},"end":{"line":61,"column":87}}]},"6":{"loc":{"start":{"line":71,"column":6},"end":{"line":73,"column":null}},"type":"if","locations":[{"start":{"line":71,"column":6},"end":{"line":73,"column":null}},{"start":{"line":71,"column":6},"end":{"line":73,"column":null}}]},"7":{"loc":{"start":{"line":77,"column":16},"end":{"line":77,"column":31}},"type":"cond-expr","locations":[{"start":{"line":77,"column":16},"end":{"line":77,"column":31}},{"start":{"line":78,"column":16},"end":{"line":78,"column":31}}]},"8":{"loc":{"start":{"line":94,"column":2},"end":{"line":98,"column":null}},"type":"if","locations":[{"start":{"line":94,"column":2},"end":{"line":98,"column":null}},{"start":{"line":94,"column":2},"end":{"line":98,"column":null}}]}},"s":{"0":2,"1":2,"2":2,"3":2,"4":2,"5":2,"6":2,"7":2,"8":2,"9":0,"10":0,"11":0,"12":0,"13":2,"14":0,"15":0,"16":0,"17":0,"18":0,"19":0,"20":0,"21":0,"22":2,"23":2,"24":2,"25":2,"26":2,"27":0,"28":0,"29":0,"30":0,"31":0,"32":0,"33":0,"34":0,"35":0,"36":0,"37":0,"38":0,"39":0,"40":0,"41":0,"42":0,"43":0,"44":0,"45":0,"46":0,"47":2,"48":2,"49":2,"50":2,"51":2,"52":2,"53":0,"54":2,"55":2,"56":2},"f":{"0":0,"1":0,"2":0,"3":2,"4":0,"5":0,"6":2,"7":2},"b":{"0":[0,0],"1":[0,0],"2":[0],"3":[0,0],"4":[0,0],"5":[0,0],"6":[0,0],"7":[0,0],"8":[0,2]}}
,"C:\\Users\\ngocduc\\Desktop\\DEMO\\plat-mw-api\\src\\repositories\\DepartmentRepository.ts": {"path":"C:\\Users\\ngocduc\\Desktop\\DEMO\\plat-mw-api\\src\\repositories\\DepartmentRepository.ts","statementMap":{"0":{"start":{"line":1,"column":0},"end":{"line":1,"column":51}},"1":{"start":{"line":2,"column":0},"end":{"line":2,"column":52}},"2":{"start":{"line":7,"column":4},"end":{"line":7,"column":33}},"3":{"start":{"line":5,"column":0},"end":{"line":5,"column":21}}},"fnMap":{"0":{"name":"(anonymous_1)","decl":{"start":{"line":6,"column":2},"end":{"line":6,"column":null}},"loc":{"start":{"line":6,"column":2},"end":{"line":8,"column":3}}}},"branchMap":{},"s":{"0":2,"1":2,"2":2,"3":2},"f":{"0":2},"b":{}}
,"C:\\Users\\ngocduc\\Desktop\\DEMO\\plat-mw-api\\src\\repositories\\DirectorRepository.ts": {"path":"C:\\Users\\ngocduc\\Desktop\\DEMO\\plat-mw-api\\src\\repositories\\DirectorRepository.ts","statementMap":{"0":{"start":{"line":1,"column":0},"end":{"line":1,"column":51}},"1":{"start":{"line":2,"column":0},"end":{"line":2,"column":50}},"2":{"start":{"line":7,"column":4},"end":{"line":7,"column":32}},"3":{"start":{"line":5,"column":0},"end":{"line":5,"column":21}}},"fnMap":{"0":{"name":"(anonymous_1)","decl":{"start":{"line":6,"column":2},"end":{"line":6,"column":null}},"loc":{"start":{"line":6,"column":2},"end":{"line":8,"column":3}}}},"branchMap":{},"s":{"0":2,"1":2,"2":2,"3":2},"f":{"0":2},"b":{}}
,"C:\\Users\\ngocduc\\Desktop\\DEMO\\plat-mw-api\\src\\repositories\\ProjectTeamRepository.ts": {"path":"C:\\Users\\ngocduc\\Desktop\\DEMO\\plat-mw-api\\src\\repositories\\ProjectTeamRepository.ts","statementMap":{"0":{"start":{"line":1,"column":0},"end":{"line":1,"column":51}},"1":{"start":{"line":2,"column":0},"end":{"line":2,"column":56}},"2":{"start":{"line":7,"column":4},"end":{"line":7,"column":35}},"3":{"start":{"line":5,"column":0},"end":{"line":5,"column":21}}},"fnMap":{"0":{"name":"(anonymous_1)","decl":{"start":{"line":6,"column":2},"end":{"line":6,"column":null}},"loc":{"start":{"line":6,"column":2},"end":{"line":8,"column":3}}}},"branchMap":{},"s":{"0":2,"1":2,"2":2,"3":2},"f":{"0":2},"b":{}}
,"C:\\Users\\ngocduc\\Desktop\\DEMO\\plat-mw-api\\src\\repositories\\SettingRepository.ts": {"path":"C:\\Users\\ngocduc\\Desktop\\DEMO\\plat-mw-api\\src\\repositories\\SettingRepository.ts","statementMap":{"0":{"start":{"line":1,"column":0},"end":{"line":1,"column":51}},"1":{"start":{"line":2,"column":0},"end":{"line":2,"column":48}},"2":{"start":{"line":4,"column":0},"end":{"line":4,"column":45}},"3":{"start":{"line":9,"column":4},"end":{"line":9,"column":24}},"4":{"start":{"line":13,"column":24},"end":{"line":16,"column":6}},"5":{"start":{"line":17,"column":33},"end":{"line":17,"column":69}},"6":{"start":{"line":18,"column":17},"end":{"line":18,"column":65}},"7":{"start":{"line":19,"column":4},"end":{"line":22,"column":null}},"8":{"start":{"line":20,"column":6},"end":{"line":20,"column":40}},"9":{"start":{"line":21,"column":6},"end":{"line":21,"column":25}},"10":{"start":{"line":23,"column":4},"end":{"line":23,"column":18}},"11":{"start":{"line":7,"column":0},"end":{"line":7,"column":21}}},"fnMap":{"0":{"name":"(anonymous_7)","decl":{"start":{"line":8,"column":2},"end":{"line":8,"column":null}},"loc":{"start":{"line":8,"column":2},"end":{"line":10,"column":3}}},"1":{"name":"(anonymous_8)","decl":{"start":{"line":12,"column":8},"end":{"line":12,"column":27}},"loc":{"start":{"line":12,"column":27},"end":{"line":24,"column":null}}}},"branchMap":{"0":{"loc":{"start":{"line":19,"column":4},"end":{"line":22,"column":null}},"type":"if","locations":[{"start":{"line":19,"column":4},"end":{"line":22,"column":null}},{"start":{"line":19,"column":4},"end":{"line":22,"column":null}}]}},"s":{"0":2,"1":2,"2":2,"3":1,"4":1,"5":1,"6":1,"7":1,"8":0,"9":0,"10":1,"11":2},"f":{"0":1,"1":1},"b":{"0":[0,1]}}
,"C:\\Users\\ngocduc\\Desktop\\DEMO\\plat-mw-api\\src\\repositories\\TeamMemberRepository.ts": {"path":"C:\\Users\\ngocduc\\Desktop\\DEMO\\plat-mw-api\\src\\repositories\\TeamMemberRepository.ts","statementMap":{"0":{"start":{"line":1,"column":0},"end":{"line":1,"column":51}},"1":{"start":{"line":2,"column":0},"end":{"line":2,"column":54}},"2":{"start":{"line":7,"column":4},"end":{"line":7,"column":34}},"3":{"start":{"line":5,"column":0},"end":{"line":5,"column":21}}},"fnMap":{"0":{"name":"(anonymous_1)","decl":{"start":{"line":6,"column":2},"end":{"line":6,"column":null}},"loc":{"start":{"line":6,"column":2},"end":{"line":8,"column":3}}}},"branchMap":{},"s":{"0":2,"1":2,"2":2,"3":2},"f":{"0":2},"b":{}}
,"C:\\Users\\ngocduc\\Desktop\\DEMO\\plat-mw-api\\src\\repositories\\base\\BaseRepository.ts": {"path":"C:\\Users\\ngocduc\\Desktop\\DEMO\\plat-mw-api\\src\\repositories\\base\\BaseRepository.ts","statementMap":{"0":{"start":{"line":3,"column":0},"end":{"line":3,"column":80}},"1":{"start":{"line":5,"column":0},"end":{"line":5,"column":23}},"2":{"start":{"line":12,"column":4},"end":{"line":12,"column":30}},"3":{"start":{"line":16,"column":4},"end":{"line":18,"column":null}},"4":{"start":{"line":17,"column":6},"end":{"line":17,"column":33}},"5":{"start":{"line":19,"column":4},"end":{"line":19,"column":51}},"6":{"start":{"line":23,"column":4},"end":{"line":31,"column":7}},"7":{"start":{"line":24,"column":6},"end":{"line":30,"column":9}},"8":{"start":{"line":25,"column":8},"end":{"line":29,"column":null}},"9":{"start":{"line":26,"column":10},"end":{"line":26,"column":22}},"10":{"start":{"line":28,"column":10},"end":{"line":28,"column":26}},"11":{"start":{"line":35,"column":4},"end":{"line":43,"column":7}},"12":{"start":{"line":36,"column":6},"end":{"line":42,"column":9}},"13":{"start":{"line":37,"column":8},"end":{"line":41,"column":null}},"14":{"start":{"line":38,"column":10},"end":{"line":38,"column":22}},"15":{"start":{"line":40,"column":10},"end":{"line":40,"column":48}},"16":{"start":{"line":47,"column":4},"end":{"line":55,"column":7}},"17":{"start":{"line":48,"column":6},"end":{"line":54,"column":9}},"18":{"start":{"line":49,"column":8},"end":{"line":53,"column":null}},"19":{"start":{"line":50,"column":10},"end":{"line":50,"column":22}},"20":{"start":{"line":52,"column":10},"end":{"line":52,"column":28}},"21":{"start":{"line":60,"column":4},"end":{"line":81,"column":7}},"22":{"start":{"line":61,"column":18},"end":{"line":61,"column":57}},"23":{"start":{"line":62,"column":6},"end":{"line":64,"column":null}},"24":{"start":{"line":63,"column":8},"end":{"line":63,"column":40}},"25":{"start":{"line":66,"column":6},"end":{"line":68,"column":null}},"26":{"start":{"line":67,"column":8},"end":{"line":67,"column":43}},"27":{"start":{"line":70,"column":6},"end":{"line":72,"column":null}},"28":{"start":{"line":71,"column":8},"end":{"line":71,"column":35}},"29":{"start":{"line":74,"column":6},"end":{"line":80,"column":9}},"30":{"start":{"line":75,"column":8},"end":{"line":79,"column":null}},"31":{"start":{"line":76,"column":10},"end":{"line":76,"column":22}},"32":{"start":{"line":78,"column":10},"end":{"line":78,"column":28}},"33":{"start":{"line":85,"column":4},"end":{"line":94,"column":7}},"34":{"start":{"line":86,"column":18},"end":{"line":86,"column":57}},"35":{"start":{"line":87,"column":6},"end":{"line":93,"column":9}},"36":{"start":{"line":88,"column":8},"end":{"line":92,"column":null}},"37":{"start":{"line":89,"column":10},"end":{"line":89,"column":22}},"38":{"start":{"line":91,"column":10},"end":{"line":91,"column":28}},"39":{"start":{"line":98,"column":4},"end":{"line":106,"column":7}},"40":{"start":{"line":99,"column":6},"end":{"line":105,"column":9}},"41":{"start":{"line":100,"column":8},"end":{"line":104,"column":null}},"42":{"start":{"line":101,"column":10},"end":{"line":101,"column":22}},"43":{"start":{"line":103,"column":10},"end":{"line":103,"column":26}},"44":{"start":{"line":114,"column":4},"end":{"line":122,"column":7}},"45":{"start":{"line":115,"column":6},"end":{"line":121,"column":9}},"46":{"start":{"line":116,"column":8},"end":{"line":120,"column":null}},"47":{"start":{"line":117,"column":10},"end":{"line":117,"column":22}},"48":{"start":{"line":119,"column":10},"end":{"line":119,"column":28}},"49":{"start":{"line":126,"column":4},"end":{"line":134,"column":7}},"50":{"start":{"line":127,"column":6},"end":{"line":133,"column":9}},"51":{"start":{"line":128,"column":8},"end":{"line":132,"column":null}},"52":{"start":{"line":129,"column":10},"end":{"line":129,"column":22}},"53":{"start":{"line":131,"column":10},"end":{"line":131,"column":28}},"54":{"start":{"line":138,"column":4},"end":{"line":146,"column":7}},"55":{"start":{"line":139,"column":6},"end":{"line":145,"column":9}},"56":{"start":{"line":140,"column":8},"end":{"line":144,"column":null}},"57":{"start":{"line":141,"column":10},"end":{"line":141,"column":22}},"58":{"start":{"line":143,"column":10},"end":{"line":143,"column":26}},"59":{"start":{"line":150,"column":4},"end":{"line":158,"column":7}},"60":{"start":{"line":151,"column":6},"end":{"line":157,"column":9}},"61":{"start":{"line":152,"column":8},"end":{"line":156,"column":null}},"62":{"start":{"line":153,"column":10},"end":{"line":153,"column":22}},"63":{"start":{"line":155,"column":10},"end":{"line":155,"column":26}},"64":{"start":{"line":162,"column":4},"end":{"line":170,"column":7}},"65":{"start":{"line":163,"column":6},"end":{"line":169,"column":9}},"66":{"start":{"line":164,"column":8},"end":{"line":168,"column":null}},"67":{"start":{"line":165,"column":10},"end":{"line":165,"column":22}},"68":{"start":{"line":167,"column":10},"end":{"line":167,"column":26}},"69":{"start":{"line":174,"column":4},"end":{"line":182,"column":7}},"70":{"start":{"line":175,"column":6},"end":{"line":181,"column":9}},"71":{"start":{"line":176,"column":8},"end":{"line":180,"column":null}},"72":{"start":{"line":177,"column":10},"end":{"line":177,"column":22}},"73":{"start":{"line":179,"column":10},"end":{"line":179,"column":26}},"74":{"start":{"line":186,"column":4},"end":{"line":194,"column":7}},"75":{"start":{"line":187,"column":6},"end":{"line":193,"column":9}},"76":{"start":{"line":188,"column":8},"end":{"line":192,"column":null}},"77":{"start":{"line":189,"column":10},"end":{"line":189,"column":22}},"78":{"start":{"line":191,"column":10},"end":{"line":191,"column":26}},"79":{"start":{"line":198,"column":4},"end":{"line":206,"column":7}},"80":{"start":{"line":199,"column":6},"end":{"line":205,"column":9}},"81":{"start":{"line":200,"column":8},"end":{"line":204,"column":null}},"82":{"start":{"line":201,"column":10},"end":{"line":201,"column":22}},"83":{"start":{"line":203,"column":10},"end":{"line":203,"column":26}},"84":{"start":{"line":210,"column":4},"end":{"line":218,"column":7}},"85":{"start":{"line":211,"column":6},"end":{"line":217,"column":9}},"86":{"start":{"line":212,"column":8},"end":{"line":216,"column":null}},"87":{"start":{"line":213,"column":10},"end":{"line":213,"column":22}},"88":{"start":{"line":215,"column":10},"end":{"line":215,"column":26}},"89":{"start":{"line":222,"column":4},"end":{"line":230,"column":7}},"90":{"start":{"line":223,"column":6},"end":{"line":229,"column":9}},"91":{"start":{"line":224,"column":8},"end":{"line":228,"column":null}},"92":{"start":{"line":225,"column":10},"end":{"line":225,"column":22}},"93":{"start":{"line":227,"column":10},"end":{"line":227,"column":26}},"94":{"start":{"line":234,"column":4},"end":{"line":250,"column":7}},"95":{"start":{"line":235,"column":27},"end":{"line":239,"column":8}},"96":{"start":{"line":240,"column":6},"end":{"line":242,"column":null}},"97":{"start":{"line":241,"column":8},"end":{"line":241,"column":54}},"98":{"start":{"line":243,"column":6},"end":{"line":249,"column":9}},"99":{"start":{"line":244,"column":8},"end":{"line":248,"column":null}},"100":{"start":{"line":245,"column":10},"end":{"line":245,"column":22}},"101":{"start":{"line":247,"column":10},"end":{"line":247,"column":26}},"102":{"start":{"line":254,"column":4},"end":{"line":262,"column":7}},"103":{"start":{"line":255,"column":6},"end":{"line":261,"column":9}},"104":{"start":{"line":256,"column":8},"end":{"line":260,"column":null}},"105":{"start":{"line":257,"column":10},"end":{"line":257,"column":22}},"106":{"start":{"line":259,"column":10},"end":{"line":259,"column":26}},"107":{"start":{"line":266,"column":4},"end":{"line":278,"column":7}},"108":{"start":{"line":267,"column":18},"end":{"line":267,"column":57}},"109":{"start":{"line":268,"column":6},"end":{"line":270,"column":null}},"110":{"start":{"line":269,"column":8},"end":{"line":269,"column":40}},"111":{"start":{"line":271,"column":6},"end":{"line":277,"column":9}},"112":{"start":{"line":272,"column":8},"end":{"line":276,"column":null}},"113":{"start":{"line":273,"column":10},"end":{"line":273,"column":22}},"114":{"start":{"line":275,"column":10},"end":{"line":275,"column":31}},"115":{"start":{"line":282,"column":4},"end":{"line":290,"column":7}},"116":{"start":{"line":283,"column":6},"end":{"line":289,"column":9}},"117":{"start":{"line":284,"column":8},"end":{"line":288,"column":null}},"118":{"start":{"line":285,"column":10},"end":{"line":285,"column":22}},"119":{"start":{"line":287,"column":10},"end":{"line":287,"column":26}},"120":{"start":{"line":294,"column":4},"end":{"line":302,"column":7}},"121":{"start":{"line":295,"column":6},"end":{"line":301,"column":9}},"122":{"start":{"line":296,"column":8},"end":{"line":300,"column":null}},"123":{"start":{"line":297,"column":10},"end":{"line":297,"column":22}},"124":{"start":{"line":299,"column":10},"end":{"line":299,"column":26}},"125":{"start":{"line":306,"column":4},"end":{"line":314,"column":7}},"126":{"start":{"line":307,"column":6},"end":{"line":313,"column":9}},"127":{"start":{"line":308,"column":8},"end":{"line":312,"column":null}},"128":{"start":{"line":309,"column":10},"end":{"line":309,"column":22}},"129":{"start":{"line":311,"column":10},"end":{"line":311,"column":20}},"130":{"start":{"line":318,"column":4},"end":{"line":318,"column":30}},"131":{"start":{"line":322,"column":4},"end":{"line":322,"column":28}},"132":{"start":{"line":326,"column":4},"end":{"line":326,"column":47}},"133":{"start":{"line":330,"column":4},"end":{"line":338,"column":7}},"134":{"start":{"line":331,"column":6},"end":{"line":337,"column":9}},"135":{"start":{"line":332,"column":8},"end":{"line":336,"column":null}},"136":{"start":{"line":333,"column":10},"end":{"line":333,"column":22}},"137":{"start":{"line":335,"column":10},"end":{"line":335,"column":26}},"138":{"start":{"line":342,"column":4},"end":{"line":345,"column":7}},"139":{"start":{"line":343,"column":6},"end":{"line":344,"column":61}},"140":{"start":{"line":344,"column":21},"end":{"line":344,"column":33}},"141":{"start":{"line":344,"column":48},"end":{"line":344,"column":59}},"142":{"start":{"line":349,"column":4},"end":{"line":353,"column":7}},"143":{"start":{"line":350,"column":6},"end":{"line":352,"column":9}},"144":{"start":{"line":351,"column":8},"end":{"line":351,"column":48}},"145":{"start":{"line":7,"column":0},"end":{"line":7,"column":21}}},"fnMap":{"0":{"name":"(anonymous_7)","decl":{"start":{"line":11,"column":2},"end":{"line":11,"column":14}},"loc":{"start":{"line":11,"column":42},"end":{"line":13,"column":3}}},"1":{"name":"(anonymous_8)","decl":{"start":{"line":15,"column":2},"end":{"line":15,"column":8}},"loc":{"start":{"line":15,"column":28},"end":{"line":20,"column":3}}},"2":{"name":"(anonymous_9)","decl":{"start":{"line":22,"column":8},"end":{"line":22,"column":14}},"loc":{"start":{"line":22,"column":22},"end":{"line":32,"column":null}}},"3":{"name":"(anonymous_11)","decl":{"start":{"line":23,"column":26},"end":{"line":23,"column":27}},"loc":{"start":{"line":23,"column":46},"end":{"line":31,"column":5}}},"4":{"name":"(anonymous_12)","decl":{"start":{"line":24,"column":31},"end":{"line":24,"column":32}},"loc":{"start":{"line":24,"column":52},"end":{"line":30,"column":7}}},"5":{"name":"(anonymous_13)","decl":{"start":{"line":34,"column":8},"end":{"line":34,"column":18}},"loc":{"start":{"line":34,"column":28},"end":{"line":44,"column":null}}},"6":{"name":"(anonymous_15)","decl":{"start":{"line":35,"column":48},"end":{"line":35,"column":49}},"loc":{"start":{"line":35,"column":68},"end":{"line":43,"column":5}}},"7":{"name":"(anonymous_16)","decl":{"start":{"line":36,"column":34},"end":{"line":36,"column":35}},"loc":{"start":{"line":36,"column":77},"end":{"line":42,"column":7}}},"8":{"name":"(anonymous_17)","decl":{"start":{"line":46,"column":8},"end":{"line":46,"column":17}},"loc":{"start":{"line":46,"column":27},"end":{"line":56,"column":null}}},"9":{"name":"(anonymous_19)","decl":{"start":{"line":47,"column":28},"end":{"line":47,"column":29}},"loc":{"start":{"line":47,"column":48},"end":{"line":55,"column":5}}},"10":{"name":"(anonymous_20)","decl":{"start":{"line":48,"column":31},"end":{"line":48,"column":32}},"loc":{"start":{"line":48,"column":54},"end":{"line":54,"column":7}}},"11":{"name":"(anonymous_21)","decl":{"start":{"line":59,"column":8},"end":{"line":59,"column":12}},"loc":{"start":{"line":59,"column":114},"end":{"line":82,"column":null}}},"12":{"name":"(anonymous_23)","decl":{"start":{"line":60,"column":28},"end":{"line":60,"column":29}},"loc":{"start":{"line":60,"column":48},"end":{"line":81,"column":5}}},"13":{"name":"(anonymous_24)","decl":{"start":{"line":74,"column":17},"end":{"line":74,"column":18}},"loc":{"start":{"line":74,"column":40},"end":{"line":80,"column":7}}},"14":{"name":"(anonymous_25)","decl":{"start":{"line":84,"column":8},"end":{"line":84,"column":16}},"loc":{"start":{"line":84,"column":53},"end":{"line":95,"column":null}}},"15":{"name":"(anonymous_27)","decl":{"start":{"line":85,"column":28},"end":{"line":85,"column":29}},"loc":{"start":{"line":85,"column":48},"end":{"line":94,"column":5}}},"16":{"name":"(anonymous_28)","decl":{"start":{"line":87,"column":42},"end":{"line":87,"column":43}},"loc":{"start":{"line":87,"column":65},"end":{"line":93,"column":7}}},"17":{"name":"(anonymous_29)","decl":{"start":{"line":97,"column":8},"end":{"line":97,"column":15}},"loc":{"start":{"line":97,"column":52},"end":{"line":107,"column":null}}},"18":{"name":"(anonymous_31)","decl":{"start":{"line":98,"column":26},"end":{"line":98,"column":27}},"loc":{"start":{"line":98,"column":46},"end":{"line":106,"column":5}}},"19":{"name":"(anonymous_32)","decl":{"start":{"line":99,"column":101},"end":{"line":99,"column":102}},"loc":{"start":{"line":99,"column":122},"end":{"line":105,"column":7}}},"20":{"name":"(anonymous_33)","decl":{"start":{"line":113,"column":8},"end":{"line":113,"column":27}},"loc":{"start":{"line":113,"column":38},"end":{"line":123,"column":null}}},"21":{"name":"(anonymous_35)","decl":{"start":{"line":114,"column":28},"end":{"line":114,"column":29}},"loc":{"start":{"line":114,"column":48},"end":{"line":122,"column":5}}},"22":{"name":"(anonymous_36)","decl":{"start":{"line":115,"column":56},"end":{"line":115,"column":57}},"loc":{"start":{"line":115,"column":79},"end":{"line":121,"column":7}}},"23":{"name":"(anonymous_37)","decl":{"start":{"line":125,"column":8},"end":{"line":125,"column":18}},"loc":{"start":{"line":125,"column":42},"end":{"line":135,"column":null}}},"24":{"name":"(anonymous_39)","decl":{"start":{"line":126,"column":28},"end":{"line":126,"column":29}},"loc":{"start":{"line":126,"column":48},"end":{"line":134,"column":5}}},"25":{"name":"(anonymous_40)","decl":{"start":{"line":127,"column":44},"end":{"line":127,"column":45}},"loc":{"start":{"line":127,"column":67},"end":{"line":133,"column":7}}},"26":{"name":"(anonymous_41)","decl":{"start":{"line":137,"column":8},"end":{"line":137,"column":24}},"loc":{"start":{"line":137,"column":87},"end":{"line":147,"column":null}}},"27":{"name":"(anonymous_43)","decl":{"start":{"line":138,"column":26},"end":{"line":138,"column":27}},"loc":{"start":{"line":138,"column":46},"end":{"line":146,"column":5}}},"28":{"name":"(anonymous_44)","decl":{"start":{"line":139,"column":76},"end":{"line":139,"column":77}},"loc":{"start":{"line":139,"column":99},"end":{"line":145,"column":7}}},"29":{"name":"(anonymous_45)","decl":{"start":{"line":149,"column":8},"end":{"line":149,"column":18}},"loc":{"start":{"line":149,"column":41},"end":{"line":159,"column":null}}},"30":{"name":"(anonymous_47)","decl":{"start":{"line":150,"column":26},"end":{"line":150,"column":27}},"loc":{"start":{"line":150,"column":46},"end":{"line":158,"column":5}}},"31":{"name":"(anonymous_48)","decl":{"start":{"line":151,"column":43},"end":{"line":151,"column":44}},"loc":{"start":{"line":151,"column":66},"end":{"line":157,"column":7}}},"32":{"name":"(anonymous_49)","decl":{"start":{"line":161,"column":8},"end":{"line":161,"column":17}},"loc":{"start":{"line":161,"column":50},"end":{"line":171,"column":null}}},"33":{"name":"(anonymous_51)","decl":{"start":{"line":162,"column":26},"end":{"line":162,"column":27}},"loc":{"start":{"line":162,"column":46},"end":{"line":170,"column":5}}},"34":{"name":"(anonymous_52)","decl":{"start":{"line":163,"column":47},"end":{"line":163,"column":48}},"loc":{"start":{"line":163,"column":70},"end":{"line":169,"column":7}}},"35":{"name":"(anonymous_53)","decl":{"start":{"line":173,"column":8},"end":{"line":173,"column":18}},"loc":{"start":{"line":173,"column":31},"end":{"line":183,"column":null}}},"36":{"name":"(anonymous_55)","decl":{"start":{"line":174,"column":26},"end":{"line":174,"column":27}},"loc":{"start":{"line":174,"column":46},"end":{"line":182,"column":5}}},"37":{"name":"(anonymous_56)","decl":{"start":{"line":175,"column":57},"end":{"line":175,"column":58}},"loc":{"start":{"line":175,"column":80},"end":{"line":181,"column":7}}},"38":{"name":"(anonymous_57)","decl":{"start":{"line":185,"column":8},"end":{"line":185,"column":14}},"loc":{"start":{"line":185,"column":27},"end":{"line":195,"column":null}}},"39":{"name":"(anonymous_59)","decl":{"start":{"line":186,"column":26},"end":{"line":186,"column":27}},"loc":{"start":{"line":186,"column":46},"end":{"line":194,"column":5}}},"40":{"name":"(anonymous_60)","decl":{"start":{"line":187,"column":57},"end":{"line":187,"column":58}},"loc":{"start":{"line":187,"column":80},"end":{"line":193,"column":7}}},"41":{"name":"(anonymous_61)","decl":{"start":{"line":197,"column":8},"end":{"line":197,"column":31}},"loc":{"start":{"line":197,"column":71},"end":{"line":207,"column":null}}},"42":{"name":"(anonymous_63)","decl":{"start":{"line":198,"column":26},"end":{"line":198,"column":27}},"loc":{"start":{"line":198,"column":46},"end":{"line":206,"column":5}}},"43":{"name":"(anonymous_64)","decl":{"start":{"line":199,"column":73},"end":{"line":199,"column":74}},"loc":{"start":{"line":199,"column":96},"end":{"line":205,"column":7}}},"44":{"name":"(anonymous_65)","decl":{"start":{"line":209,"column":8},"end":{"line":209,"column":36}},"loc":{"start":{"line":209,"column":76},"end":{"line":219,"column":null}}},"45":{"name":"(anonymous_67)","decl":{"start":{"line":210,"column":26},"end":{"line":210,"column":27}},"loc":{"start":{"line":210,"column":46},"end":{"line":218,"column":5}}},"46":{"name":"(anonymous_68)","decl":{"start":{"line":211,"column":73},"end":{"line":211,"column":74}},"loc":{"start":{"line":211,"column":96},"end":{"line":217,"column":7}}},"47":{"name":"(anonymous_69)","decl":{"start":{"line":221,"column":8},"end":{"line":221,"column":16}},"loc":{"start":{"line":221,"column":26},"end":{"line":231,"column":null}}},"48":{"name":"(anonymous_71)","decl":{"start":{"line":222,"column":26},"end":{"line":222,"column":27}},"loc":{"start":{"line":222,"column":46},"end":{"line":230,"column":5}}},"49":{"name":"(anonymous_72)","decl":{"start":{"line":223,"column":76},"end":{"line":223,"column":77}},"loc":{"start":{"line":223,"column":99},"end":{"line":229,"column":7}}},"50":{"name":"(anonymous_73)","decl":{"start":{"line":233,"column":8},"end":{"line":233,"column":18}},"loc":{"start":{"line":233,"column":49},"end":{"line":251,"column":null}}},"51":{"name":"(anonymous_75)","decl":{"start":{"line":234,"column":26},"end":{"line":234,"column":27}},"loc":{"start":{"line":234,"column":46},"end":{"line":250,"column":5}}},"52":{"name":"(anonymous_76)","decl":{"start":{"line":243,"column":65},"end":{"line":243,"column":66}},"loc":{"start":{"line":243,"column":88},"end":{"line":249,"column":7}}},"53":{"name":"(anonymous_77)","decl":{"start":{"line":253,"column":8},"end":{"line":253,"column":22}},"loc":{"start":{"line":253,"column":33},"end":{"line":263,"column":null}}},"54":{"name":"(anonymous_79)","decl":{"start":{"line":254,"column":26},"end":{"line":254,"column":27}},"loc":{"start":{"line":254,"column":46},"end":{"line":262,"column":5}}},"55":{"name":"(anonymous_80)","decl":{"start":{"line":255,"column":67},"end":{"line":255,"column":68}},"loc":{"start":{"line":255,"column":90},"end":{"line":261,"column":7}}},"56":{"name":"(anonymous_81)","decl":{"start":{"line":265,"column":8},"end":{"line":265,"column":20}},"loc":{"start":{"line":265,"column":76},"end":{"line":279,"column":null}}},"57":{"name":"(anonymous_83)","decl":{"start":{"line":266,"column":31},"end":{"line":266,"column":32}},"loc":{"start":{"line":266,"column":51},"end":{"line":278,"column":5}}},"58":{"name":"(anonymous_84)","decl":{"start":{"line":271,"column":34},"end":{"line":271,"column":35}},"loc":{"start":{"line":271,"column":60},"end":{"line":277,"column":7}}},"59":{"name":"(anonymous_85)","decl":{"start":{"line":281,"column":8},"end":{"line":281,"column":13}},"loc":{"start":{"line":281,"column":23},"end":{"line":291,"column":null}}},"60":{"name":"(anonymous_87)","decl":{"start":{"line":282,"column":31},"end":{"line":282,"column":32}},"loc":{"start":{"line":282,"column":51},"end":{"line":290,"column":5}}},"61":{"name":"(anonymous_88)","decl":{"start":{"line":283,"column":39},"end":{"line":283,"column":40}},"loc":{"start":{"line":283,"column":68},"end":{"line":289,"column":7}}},"62":{"name":"(anonymous_89)","decl":{"start":{"line":293,"column":8},"end":{"line":293,"column":26}},"loc":{"start":{"line":293,"column":26},"end":{"line":303,"column":null}}},"63":{"name":"(anonymous_91)","decl":{"start":{"line":294,"column":31},"end":{"line":294,"column":32}},"loc":{"start":{"line":294,"column":51},"end":{"line":302,"column":5}}},"64":{"name":"(anonymous_92)","decl":{"start":{"line":295,"column":41},"end":{"line":295,"column":42}},"loc":{"start":{"line":295,"column":70},"end":{"line":301,"column":7}}},"65":{"name":"(anonymous_93)","decl":{"start":{"line":305,"column":8},"end":{"line":305,"column":18}},"loc":{"start":{"line":305,"column":28},"end":{"line":315,"column":null}}},"66":{"name":"(anonymous_95)","decl":{"start":{"line":306,"column":26},"end":{"line":306,"column":27}},"loc":{"start":{"line":306,"column":46},"end":{"line":314,"column":5}}},"67":{"name":"(anonymous_96)","decl":{"start":{"line":307,"column":35},"end":{"line":307,"column":36}},"loc":{"start":{"line":307,"column":48},"end":{"line":313,"column":7}}},"68":{"name":"(anonymous_97)","decl":{"start":{"line":317,"column":2},"end":{"line":317,"column":20}},"loc":{"start":{"line":317,"column":20},"end":{"line":319,"column":3}}},"69":{"name":"(anonymous_98)","decl":{"start":{"line":321,"column":2},"end":{"line":321,"column":17}},"loc":{"start":{"line":321,"column":17},"end":{"line":323,"column":3}}},"70":{"name":"(anonymous_99)","decl":{"start":{"line":325,"column":2},"end":{"line":325,"column":22}},"loc":{"start":{"line":325,"column":22},"end":{"line":327,"column":3}}},"71":{"name":"(anonymous_100)","decl":{"start":{"line":329,"column":8},"end":{"line":329,"column":17}},"loc":{"start":{"line":329,"column":36},"end":{"line":339,"column":null}}},"72":{"name":"(anonymous_102)","decl":{"start":{"line":330,"column":28},"end":{"line":330,"column":29}},"loc":{"start":{"line":330,"column":48},"end":{"line":338,"column":5}}},"73":{"name":"(anonymous_103)","decl":{"start":{"line":331,"column":43},"end":{"line":331,"column":44}},"loc":{"start":{"line":331,"column":66},"end":{"line":337,"column":7}}},"74":{"name":"(anonymous_104)","decl":{"start":{"line":341,"column":8},"end":{"line":341,"column":26}},"loc":{"start":{"line":341,"column":45},"end":{"line":346,"column":null}}},"75":{"name":"(anonymous_106)","decl":{"start":{"line":342,"column":28},"end":{"line":342,"column":29}},"loc":{"start":{"line":342,"column":48},"end":{"line":345,"column":5}}},"76":{"name":"(anonymous_107)","decl":{"start":{"line":344,"column":14},"end":{"line":344,"column":17}},"loc":{"start":{"line":344,"column":21},"end":{"line":344,"column":33}}},"77":{"name":"(anonymous_108)","decl":{"start":{"line":344,"column":41},"end":{"line":344,"column":44}},"loc":{"start":{"line":344,"column":48},"end":{"line":344,"column":59}}},"78":{"name":"(anonymous_109)","decl":{"start":{"line":348,"column":8},"end":{"line":348,"column":24}},"loc":{"start":{"line":348,"column":49},"end":{"line":354,"column":null}}},"79":{"name":"(anonymous_111)","decl":{"start":{"line":349,"column":31},"end":{"line":349,"column":32}},"loc":{"start":{"line":349,"column":51},"end":{"line":353,"column":5}}},"80":{"name":"(anonymous_112)","decl":{"start":{"line":350,"column":40},"end":{"line":350,"column":41}},"loc":{"start":{"line":350,"column":63},"end":{"line":352,"column":7}}}},"branchMap":{"0":{"loc":{"start":{"line":16,"column":4},"end":{"line":18,"column":null}},"type":"if","locations":[{"start":{"line":16,"column":4},"end":{"line":18,"column":null}},{"start":{"line":16,"column":4},"end":{"line":18,"column":null}}]},"1":{"loc":{"start":{"line":25,"column":8},"end":{"line":29,"column":null}},"type":"if","locations":[{"start":{"line":25,"column":8},"end":{"line":29,"column":null}},{"start":{"line":25,"column":8},"end":{"line":29,"column":null}}]},"2":{"loc":{"start":{"line":37,"column":8},"end":{"line":41,"column":null}},"type":"if","locations":[{"start":{"line":37,"column":8},"end":{"line":41,"column":null}},{"start":{"line":37,"column":8},"end":{"line":41,"column":null}}]},"3":{"loc":{"start":{"line":49,"column":8},"end":{"line":53,"column":null}},"type":"if","locations":[{"start":{"line":49,"column":8},"end":{"line":53,"column":null}},{"start":{"line":49,"column":8},"end":{"line":53,"column":null}}]},"4":{"loc":{"start":{"line":59,"column":90},"end":{"line":59,"column":94}},"type":"default-arg","locations":[{"start":{"line":59,"column":90},"end":{"line":59,"column":94}}]},"5":{"loc":{"start":{"line":62,"column":6},"end":{"line":64,"column":null}},"type":"if","locations":[{"start":{"line":62,"column":6},"end":{"line":64,"column":null}},{"start":{"line":62,"column":6},"end":{"line":64,"column":null}}]},"6":{"loc":{"start":{"line":66,"column":6},"end":{"line":68,"column":null}},"type":"if","locations":[{"start":{"line":66,"column":6},"end":{"line":68,"column":null}},{"start":{"line":66,"column":6},"end":{"line":68,"column":null}}]},"7":{"loc":{"start":{"line":70,"column":6},"end":{"line":72,"column":null}},"type":"if","locations":[{"start":{"line":70,"column":6},"end":{"line":72,"column":null}},{"start":{"line":70,"column":6},"end":{"line":72,"column":null}}]},"8":{"loc":{"start":{"line":75,"column":8},"end":{"line":79,"column":null}},"type":"if","locations":[{"start":{"line":75,"column":8},"end":{"line":79,"column":null}},{"start":{"line":75,"column":8},"end":{"line":79,"column":null}}]},"9":{"loc":{"start":{"line":88,"column":8},"end":{"line":92,"column":null}},"type":"if","locations":[{"start":{"line":88,"column":8},"end":{"line":92,"column":null}},{"start":{"line":88,"column":8},"end":{"line":92,"column":null}}]},"10":{"loc":{"start":{"line":100,"column":8},"end":{"line":104,"column":null}},"type":"if","locations":[{"start":{"line":100,"column":8},"end":{"line":104,"column":null}},{"start":{"line":100,"column":8},"end":{"line":104,"column":null}}]},"11":{"loc":{"start":{"line":116,"column":8},"end":{"line":120,"column":null}},"type":"if","locations":[{"start":{"line":116,"column":8},"end":{"line":120,"column":null}},{"start":{"line":116,"column":8},"end":{"line":120,"column":null}}]},"12":{"loc":{"start":{"line":128,"column":8},"end":{"line":132,"column":null}},"type":"if","locations":[{"start":{"line":128,"column":8},"end":{"line":132,"column":null}},{"start":{"line":128,"column":8},"end":{"line":132,"column":null}}]},"13":{"loc":{"start":{"line":140,"column":8},"end":{"line":144,"column":null}},"type":"if","locations":[{"start":{"line":140,"column":8},"end":{"line":144,"column":null}},{"start":{"line":140,"column":8},"end":{"line":144,"column":null}}]},"14":{"loc":{"start":{"line":152,"column":8},"end":{"line":156,"column":null}},"type":"if","locations":[{"start":{"line":152,"column":8},"end":{"line":156,"column":null}},{"start":{"line":152,"column":8},"end":{"line":156,"column":null}}]},"15":{"loc":{"start":{"line":164,"column":8},"end":{"line":168,"column":null}},"type":"if","locations":[{"start":{"line":164,"column":8},"end":{"line":168,"column":null}},{"start":{"line":164,"column":8},"end":{"line":168,"column":null}}]},"16":{"loc":{"start":{"line":176,"column":8},"end":{"line":180,"column":null}},"type":"if","locations":[{"start":{"line":176,"column":8},"end":{"line":180,"column":null}},{"start":{"line":176,"column":8},"end":{"line":180,"column":null}}]},"17":{"loc":{"start":{"line":188,"column":8},"end":{"line":192,"column":null}},"type":"if","locations":[{"start":{"line":188,"column":8},"end":{"line":192,"column":null}},{"start":{"line":188,"column":8},"end":{"line":192,"column":null}}]},"18":{"loc":{"start":{"line":200,"column":8},"end":{"line":204,"column":null}},"type":"if","locations":[{"start":{"line":200,"column":8},"end":{"line":204,"column":null}},{"start":{"line":200,"column":8},"end":{"line":204,"column":null}}]},"19":{"loc":{"start":{"line":212,"column":8},"end":{"line":216,"column":null}},"type":"if","locations":[{"start":{"line":212,"column":8},"end":{"line":216,"column":null}},{"start":{"line":212,"column":8},"end":{"line":216,"column":null}}]},"20":{"loc":{"start":{"line":224,"column":8},"end":{"line":228,"column":null}},"type":"if","locations":[{"start":{"line":224,"column":8},"end":{"line":228,"column":null}},{"start":{"line":224,"column":8},"end":{"line":228,"column":null}}]},"21":{"loc":{"start":{"line":240,"column":6},"end":{"line":242,"column":null}},"type":"if","locations":[{"start":{"line":240,"column":6},"end":{"line":242,"column":null}},{"start":{"line":240,"column":6},"end":{"line":242,"column":null}}]},"22":{"loc":{"start":{"line":244,"column":8},"end":{"line":248,"column":null}},"type":"if","locations":[{"start":{"line":244,"column":8},"end":{"line":248,"column":null}},{"start":{"line":244,"column":8},"end":{"line":248,"column":null}}]},"23":{"loc":{"start":{"line":256,"column":8},"end":{"line":260,"column":null}},"type":"if","locations":[{"start":{"line":256,"column":8},"end":{"line":260,"column":null}},{"start":{"line":256,"column":8},"end":{"line":260,"column":null}}]},"24":{"loc":{"start":{"line":268,"column":6},"end":{"line":270,"column":null}},"type":"if","locations":[{"start":{"line":268,"column":6},"end":{"line":270,"column":null}},{"start":{"line":268,"column":6},"end":{"line":270,"column":null}}]},"25":{"loc":{"start":{"line":272,"column":8},"end":{"line":276,"column":null}},"type":"if","locations":[{"start":{"line":272,"column":8},"end":{"line":276,"column":null}},{"start":{"line":272,"column":8},"end":{"line":276,"column":null}}]},"26":{"loc":{"start":{"line":284,"column":8},"end":{"line":288,"column":null}},"type":"if","locations":[{"start":{"line":284,"column":8},"end":{"line":288,"column":null}},{"start":{"line":284,"column":8},"end":{"line":288,"column":null}}]},"27":{"loc":{"start":{"line":296,"column":8},"end":{"line":300,"column":null}},"type":"if","locations":[{"start":{"line":296,"column":8},"end":{"line":300,"column":null}},{"start":{"line":296,"column":8},"end":{"line":300,"column":null}}]},"28":{"loc":{"start":{"line":308,"column":8},"end":{"line":312,"column":null}},"type":"if","locations":[{"start":{"line":308,"column":8},"end":{"line":312,"column":null}},{"start":{"line":308,"column":8},"end":{"line":312,"column":null}}]},"29":{"loc":{"start":{"line":332,"column":8},"end":{"line":336,"column":null}},"type":"if","locations":[{"start":{"line":332,"column":8},"end":{"line":336,"column":null}},{"start":{"line":332,"column":8},"end":{"line":336,"column":null}}]},"30":{"loc":{"start":{"line":351,"column":21},"end":{"line":351,"column":32}},"type":"cond-expr","locations":[{"start":{"line":351,"column":21},"end":{"line":351,"column":32}},{"start":{"line":351,"column":35},"end":{"line":351,"column":47}}]}},"s":{"0":2,"1":2,"2":9,"3":0,"4":0,"5":0,"6":0,"7":0,"8":0,"9":0,"10":0,"11":0,"12":0,"13":0,"14":0,"15":0,"16":1,"17":1,"18":1,"19":0,"20":1,"21":0,"22":0,"23":0,"24":0,"25":0,"26":0,"27":0,"28":0,"29":0,"30":0,"31":0,"32":0,"33":1,"34":1,"35":1,"36":1,"37":0,"38":1,"39":3,"40":3,"41":3,"42":0,"43":3,"44":0,"45":0,"46":0,"47":0,"48":0,"49":0,"50":0,"51":0,"52":0,"53":0,"54":0,"55":0,"56":0,"57":0,"58":0,"59":0,"60":0,"61":0,"62":0,"63":0,"64":0,"65":0,"66":0,"67":0,"68":0,"69":0,"70":0,"71":0,"72":0,"73":0,"74":0,"75":0,"76":0,"77":0,"78":0,"79":0,"80":0,"81":0,"82":0,"83":0,"84":0,"85":0,"86":0,"87":0,"88":0,"89":0,"90":0,"91":0,"92":0,"93":0,"94":0,"95":0,"96":0,"97":0,"98":0,"99":0,"100":0,"101":0,"102":0,"103":0,"104":0,"105":0,"106":0,"107":0,"108":0,"109":0,"110":0,"111":0,"112":0,"113":0,"114":0,"115":0,"116":0,"117":0,"118":0,"119":0,"120":0,"121":0,"122":0,"123":0,"124":0,"125":0,"126":0,"127":0,"128":0,"129":0,"130":0,"131":0,"132":0,"133":0,"134":0,"135":0,"136":0,"137":0,"138":0,"139":0,"140":0,"141":0,"142":0,"143":0,"144":0,"145":2},"f":{"0":9,"1":0,"2":0,"3":0,"4":0,"5":0,"6":0,"7":0,"8":1,"9":1,"10":1,"11":0,"12":0,"13":0,"14":1,"15":1,"16":1,"17":3,"18":3,"19":3,"20":0,"21":0,"22":0,"23":0,"24":0,"25":0,"26":0,"27":0,"28":0,"29":0,"30":0,"31":0,"32":0,"33":0,"34":0,"35":0,"36":0,"37":0,"38":0,"39":0,"40":0,"41":0,"42":0,"43":0,"44":0,"45":0,"46":0,"47":0,"48":0,"49":0,"50":0,"51":0,"52":0,"53":0,"54":0,"55":0,"56":0,"57":0,"58":0,"59":0,"60":0,"61":0,"62":0,"63":0,"64":0,"65":0,"66":0,"67":0,"68":0,"69":0,"70":0,"71":0,"72":0,"73":0,"74":0,"75":0,"76":0,"77":0,"78":0,"79":0,"80":0},"b":{"0":[0,0],"1":[0,0],"2":[0,0],"3":[0,1],"4":[0],"5":[0,0],"6":[0,0],"7":[0,0],"8":[0,0],"9":[0,1],"10":[0,3],"11":[0,0],"12":[0,0],"13":[0,0],"14":[0,0],"15":[0,0],"16":[0,0],"17":[0,0],"18":[0,0],"19":[0,0],"20":[0,0],"21":[0,0],"22":[0,0],"23":[0,0],"24":[0,0],"25":[0,0],"26":[0,0],"27":[0,0],"28":[0,0],"29":[0,0],"30":[0,0]}}
,"C:\\Users\\ngocduc\\Desktop\\DEMO\\plat-mw-api\\src\\routes\\member.routes.ts": {"path":"C:\\Users\\ngocduc\\Desktop\\DEMO\\plat-mw-api\\src\\routes\\member.routes.ts","statementMap":{"0":{"start":{"line":1,"column":0},"end":{"line":1,"column":69}},"1":{"start":{"line":3,"column":12},"end":{"line":3,"column":26}},"2":{"start":{"line":4,"column":0},"end":{"line":4,"column":39}},"3":{"start":{"line":6,"column":19},"end":{"line":8,"column":12}},"4":{"start":{"line":10,"column":20},"end":{"line":15,"column":17}},"5":{"start":{"line":18,"column":29},"end":{"line":20,"column":2}},"6":{"start":{"line":19,"column":56},"end":{"line":19,"column":75}},"7":{"start":{"line":22,"column":26},"end":{"line":24,"column":36}},"8":{"start":{"line":26,"column":28},"end":{"line":30,"column":36}},"9":{"start":{"line":32,"column":29},"end":{"line":35,"column":36}},"10":{"start":{"line":37,"column":28},"end":{"line":40,"column":36}},"11":{"start":{"line":42,"column":28},"end":{"line":44,"column":31}},"12":{"start":{"line":46,"column":50},"end":{"line":52,"column":28}},"13":{"start":{"line":54,"column":13},"end":{"line":65,"column":2}},"14":{"start":{"line":67,"column":22},"end":{"line":76,"column":2}},"15":{"start":{"line":78,"column":0},"end":{"line":178,"column":5}},"16":{"start":{"line":79,"column":31},"end":{"line":79,"column":57}},"17":{"start":{"line":80,"column":20},"end":{"line":80,"column":26}},"18":{"start":{"line":81,"column":2},"end":{"line":177,"column":6}}},"fnMap":{"0":{"name":"(anonymous_1)","decl":{"start":{"line":19,"column":50},"end":{"line":19,"column":53}},"loc":{"start":{"line":19,"column":56},"end":{"line":19,"column":75}}},"1":{"name":"(anonymous_2)","decl":{"start":{"line":78,"column":16},"end":{"line":78,"column":null}},"loc":{"start":{"line":78,"column":16},"end":{"line":178,"column":1}}}},"branchMap":{},"s":{"0":2,"1":2,"2":2,"3":2,"4":2,"5":2,"6":1,"7":2,"8":2,"9":2,"10":2,"11":2,"12":2,"13":2,"14":2,"15":2,"16":2,"17":2,"18":2},"f":{"0":1,"1":2},"b":{}}
,"C:\\Users\\ngocduc\\Desktop\\DEMO\\plat-mw-api\\src\\utils\\error.ts": {"path":"C:\\Users\\ngocduc\\Desktop\\DEMO\\plat-mw-api\\src\\utils\\error.ts","statementMap":{"0":{"start":{"line":1,"column":13},"end":{"line":1,"column":28}},"1":{"start":{"line":3,"column":13},"end":{"line":9,"column":2}},"2":{"start":{"line":4,"column":16},"end":{"line":4,"column":36}},"3":{"start":{"line":5,"column":2},"end":{"line":7,"column":null}},"4":{"start":{"line":6,"column":4},"end":{"line":6,"column":50}},"5":{"start":{"line":8,"column":2},"end":{"line":8,"column":15}},"6":{"start":{"line":11,"column":13},"end":{"line":17,"column":2}},"7":{"start":{"line":12,"column":16},"end":{"line":12,"column":38}},"8":{"start":{"line":13,"column":2},"end":{"line":15,"column":null}},"9":{"start":{"line":14,"column":4},"end":{"line":14,"column":50}},"10":{"start":{"line":16,"column":2},"end":{"line":16,"column":15}},"11":{"start":{"line":19,"column":13},"end":{"line":25,"column":2}},"12":{"start":{"line":20,"column":16},"end":{"line":20,"column":34}},"13":{"start":{"line":21,"column":2},"end":{"line":23,"column":null}},"14":{"start":{"line":22,"column":4},"end":{"line":22,"column":50}},"15":{"start":{"line":24,"column":2},"end":{"line":24,"column":15}},"16":{"start":{"line":27,"column":13},"end":{"line":35,"column":2}},"17":{"start":{"line":28,"column":16},"end":{"line":28,"column":34}},"18":{"start":{"line":29,"column":2},"end":{"line":33,"column":null}},"19":{"start":{"line":30,"column":4},"end":{"line":30,"column":50}},"20":{"start":{"line":32,"column":4},"end":{"line":32,"column":39}},"21":{"start":{"line":34,"column":2},"end":{"line":34,"column":15}}},"fnMap":{"0":{"name":"(anonymous_0)","decl":{"start":{"line":3,"column":26},"end":{"line":3,"column":27}},"loc":{"start":{"line":3,"column":39},"end":{"line":9,"column":1}}},"1":{"name":"(anonymous_1)","decl":{"start":{"line":11,"column":28},"end":{"line":11,"column":29}},"loc":{"start":{"line":11,"column":41},"end":{"line":17,"column":1}}},"2":{"name":"(anonymous_2)","decl":{"start":{"line":19,"column":24},"end":{"line":19,"column":25}},"loc":{"start":{"line":19,"column":37},"end":{"line":25,"column":1}}},"3":{"name":"(anonymous_3)","decl":{"start":{"line":27,"column":23},"end":{"line":27,"column":24}},"loc":{"start":{"line":27,"column":36},"end":{"line":35,"column":1}}}},"branchMap":{"0":{"loc":{"start":{"line":5,"column":2},"end":{"line":7,"column":null}},"type":"if","locations":[{"start":{"line":5,"column":2},"end":{"line":7,"column":null}},{"start":{"line":5,"column":2},"end":{"line":7,"column":null}}]},"1":{"loc":{"start":{"line":13,"column":2},"end":{"line":15,"column":null}},"type":"if","locations":[{"start":{"line":13,"column":2},"end":{"line":15,"column":null}},{"start":{"line":13,"column":2},"end":{"line":15,"column":null}}]},"2":{"loc":{"start":{"line":21,"column":2},"end":{"line":23,"column":null}},"type":"if","locations":[{"start":{"line":21,"column":2},"end":{"line":23,"column":null}},{"start":{"line":21,"column":2},"end":{"line":23,"column":null}}]},"3":{"loc":{"start":{"line":29,"column":2},"end":{"line":33,"column":null}},"type":"if","locations":[{"start":{"line":29,"column":2},"end":{"line":33,"column":null}},{"start":{"line":29,"column":2},"end":{"line":33,"column":null}}]}},"s":{"0":2,"1":2,"2":1,"3":1,"4":0,"5":1,"6":2,"7":0,"8":0,"9":0,"10":0,"11":2,"12":0,"13":0,"14":0,"15":0,"16":2,"17":0,"18":0,"19":0,"20":0,"21":0},"f":{"0":1,"1":0,"2":0,"3":0},"b":{"0":[0,1],"1":[0,0],"2":[0,0],"3":[0,0]}}
,"C:\\Users\\ngocduc\\Desktop\\DEMO\\plat-mw-api\\src\\utils\\logger.ts": {"path":"C:\\Users\\ngocduc\\Desktop\\DEMO\\plat-mw-api\\src\\utils\\logger.ts","statementMap":{"0":{"start":{"line":1,"column":0},"end":{"line":1,"column":33}},"1":{"start":{"line":2,"column":0},"end":{"line":2,"column":22}}},"fnMap":{},"branchMap":{},"s":{"0":2,"1":2},"f":{},"b":{}}
,"C:\\Users\\ngocduc\\Desktop\\DEMO\\plat-mw-api\\src\\utils\\messages.ts": {"path":"C:\\Users\\ngocduc\\Desktop\\DEMO\\plat-mw-api\\src\\utils\\messages.ts","statementMap":{"0":{"start":{"line":1,"column":17},"end":{"line":15,"column":2}},"1":{"start":{"line":17,"column":0},"end":{"line":17,"column":24}}},"fnMap":{},"branchMap":{},"s":{"0":2,"1":2},"f":{},"b":{}}
}
