TN:
SF:C:\Users\ngocduc\Desktop\DEMO\plat-mw-api\src\bootstrap\jwt.ts
FN:5,(anonymous_6)
FN:5,(anonymous_7)
FNF:2
FNH:0
FNDA:0,(anonymous_6)
FNDA:0,(anonymous_7)
DA:5,2
DA:6,0
DA:12,2
DA:18,2
LF:4
LH:3
BRF:0
BRH:0
end_of_record
TN:
SF:C:\Users\ngocduc\Desktop\DEMO\plat-mw-api\src\bootstrap\mongoose.ts
FN:5,(anonymous_7)
FN:5,(anonymous_8)
FN:10,(anonymous_9)
FN:10,(anonymous_10)
FN:13,(anonymous_11)
FNF:5
FNH:2
FNDA:2,(anonymous_7)
FNDA:2,(anonymous_8)
FNDA:0,(anonymous_9)
FNDA:0,(anonymous_10)
FNDA:0,(anonymous_11)
DA:1,2
DA:3,2
DA:5,2
DA:6,2
DA:7,2
DA:8,2
DA:9,2
DA:10,2
DA:11,0
DA:13,2
DA:14,0
DA:17,0
LF:12
LH:9
BRDA:7,0,0,2
BRDA:7,0,1,0
BRF:2
BRH:1
end_of_record
TN:
SF:C:\Users\ngocduc\Desktop\DEMO\plat-mw-api\src\bootstrap\plugins.ts
FN:16,(anonymous_8)
FN:23,(anonymous_10)
FN:28,(anonymous_12)
FN:33,(anonymous_14)
FN:57,(anonymous_15)
FNF:5
FNH:5
FNDA:2,(anonymous_8)
FNDA:2,(anonymous_10)
FNDA:2,(anonymous_12)
FNDA:2,(anonymous_14)
FNDA:2,(anonymous_15)
DA:2,2
DA:3,2
DA:4,2
DA:6,2
DA:7,2
DA:8,2
DA:9,2
DA:11,2
DA:12,2
DA:13,2
DA:15,2
DA:17,2
DA:18,2
DA:19,2
DA:20,2
DA:24,2
DA:25,2
DA:29,2
DA:30,2
DA:34,2
DA:35,2
DA:53,0
DA:59,2
DA:61,2
LF:24
LH:23
BRDA:11,0,0,2
BRDA:11,0,1,0
BRDA:12,1,0,2
BRDA:12,1,1,0
BRDA:13,2,0,2
BRDA:13,2,1,0
BRF:6
BRH:3
end_of_record
TN:
SF:C:\Users\ngocduc\Desktop\DEMO\plat-mw-api\src\bootstrap\routes.ts
FN:11,(anonymous_0)
FN:23,(anonymous_1)
FN:36,(anonymous_2)
FN:37,(anonymous_3)
FNF:4
FNH:2
FNDA:0,(anonymous_0)
FNDA:0,(anonymous_1)
FNDA:4,(anonymous_2)
FNDA:2,(anonymous_3)
DA:2,2
DA:3,2
DA:4,2
DA:7,2
DA:12,0
DA:24,0
DA:36,2
DA:37,4
DA:38,2
DA:43,2
LF:10
LH:8
BRF:0
BRH:0
end_of_record
TN:
SF:C:\Users\ngocduc\Desktop\DEMO\plat-mw-api\src\bootstrap\server.ts
FN:30,(anonymous_8)
FN:35,(anonymous_9)
FN:39,(anonymous_10)
FN:47,(anonymous_11)
FN:54,(anonymous_12)
FN:61,(anonymous_14)
FN:65,(anonymous_15)
FN:86,(anonymous_16)
FN:90,(anonymous_18)
FN:94,(anonymous_20)
FN:98,(anonymous_22)
FN:102,(anonymous_24)
FNF:12
FNH:8
FNDA:2,(anonymous_8)
FNDA:0,(anonymous_9)
FNDA:0,(anonymous_10)
FNDA:2,(anonymous_11)
FNDA:2,(anonymous_12)
FNDA:2,(anonymous_14)
FNDA:0,(anonymous_15)
FNDA:2,(anonymous_16)
FNDA:2,(anonymous_18)
FNDA:2,(anonymous_20)
FNDA:2,(anonymous_22)
FNDA:0,(anonymous_24)
DA:3,2
DA:4,2
DA:5,2
DA:6,2
DA:7,2
DA:8,2
DA:11,2
DA:13,2
DA:15,2
DA:16,2
DA:18,2
DA:22,2
DA:31,2
DA:32,2
DA:36,0
DA:40,0
DA:41,0
DA:42,0
DA:44,0
DA:48,2
DA:49,2
DA:51,2
DA:55,2
DA:56,2
DA:57,2
DA:58,2
DA:62,2
DA:63,2
DA:65,2
DA:66,0
DA:68,0
DA:87,2
DA:91,2
DA:95,2
DA:99,2
DA:103,0
DA:104,0
DA:105,0
DA:106,0
DA:108,0
LF:40
LH:28
BRDA:16,0,0,2
BRDA:16,0,1,0
BRDA:30,1,0,0
BRDA:41,2,0,0
BRDA:41,2,1,0
BRDA:41,3,0,0
BRDA:41,3,1,0
BRDA:47,4,0,2
BRDA:48,5,0,2
BRDA:48,5,1,0
BRF:10
BRH:3
end_of_record
TN:
SF:C:\Users\ngocduc\Desktop\DEMO\plat-mw-api\src\config\config.ts
FN:16,(anonymous_0)
FN:33,(anonymous_1)
FN:37,(anonymous_2)
FN:41,(anonymous_3)
FN:45,(anonymous_4)
FN:49,(anonymous_5)
FN:53,(anonymous_6)
FN:57,(anonymous_7)
FN:61,(anonymous_8)
FN:65,(anonymous_9)
FN:69,(anonymous_10)
FN:73,(anonymous_11)
FN:77,(anonymous_12)
FN:81,(anonymous_13)
FNF:14
FNH:6
FNDA:2,(anonymous_0)
FNDA:0,(anonymous_1)
FNDA:0,(anonymous_2)
FNDA:0,(anonymous_3)
FNDA:0,(anonymous_4)
FNDA:0,(anonymous_5)
FNDA:0,(anonymous_6)
FNDA:4,(anonymous_7)
FNDA:2,(anonymous_8)
FNDA:2,(anonymous_9)
FNDA:0,(anonymous_10)
FNDA:0,(anonymous_11)
FNDA:2,(anonymous_12)
FNDA:2,(anonymous_13)
DA:17,2
DA:18,2
DA:19,2
DA:20,2
DA:21,2
DA:22,2
DA:23,2
DA:24,2
DA:25,2
DA:26,2
DA:28,2
DA:29,2
DA:30,2
DA:34,0
DA:38,0
DA:42,0
DA:46,0
DA:50,0
DA:54,0
DA:58,4
DA:62,2
DA:66,2
DA:70,0
DA:74,0
DA:78,2
DA:82,2
DA:86,2
DA:87,2
LF:28
LH:20
BRDA:17,0,0,2
BRDA:17,0,1,0
BRDA:18,1,0,2
BRDA:18,1,1,0
BRDA:20,2,0,2
BRDA:20,2,1,0
BRDA:21,3,0,2
BRDA:21,3,1,0
BRDA:22,4,0,2
BRDA:22,4,1,0
BRDA:23,5,0,2
BRDA:23,5,1,0
BRDA:24,6,0,2
BRDA:24,6,1,0
BRDA:25,7,0,2
BRDA:25,7,1,0
BRDA:26,8,0,2
BRDA:26,8,1,0
BRDA:28,9,0,2
BRDA:28,9,1,0
BRDA:29,10,0,0
BRDA:29,10,1,2
BRDA:30,11,0,2
BRDA:30,11,1,2
BRF:24
BRH:13
end_of_record
TN:
SF:C:\Users\ngocduc\Desktop\DEMO\plat-mw-api\src\constants\mongodb.ts
FNF:0
FNH:0
DA:1,2
LF:1
LH:1
BRF:0
BRH:0
end_of_record
TN:
SF:C:\Users\ngocduc\Desktop\DEMO\plat-mw-api\src\constants\settingdb.ts
FNF:0
FNH:0
DA:1,2
LF:1
LH:1
BRF:0
BRH:0
end_of_record
TN:
SF:C:\Users\ngocduc\Desktop\DEMO\plat-mw-api\src\controllers\TeamMemberController.ts
FN:65,(anonymous_8)
FN:77,(anonymous_9)
FN:95,(anonymous_11)
FN:113,(anonymous_13)
FN:131,(anonymous_15)
FN:149,(anonymous_17)
FNF:6
FNH:3
FNDA:2,(anonymous_8)
FNDA:2,(anonymous_9)
FNDA:0,(anonymous_11)
FNDA:0,(anonymous_13)
FNDA:0,(anonymous_15)
FNDA:1,(anonymous_17)
DA:2,2
DA:3,2
DA:4,2
DA:5,2
DA:6,2
DA:7,2
DA:8,2
DA:9,2
DA:10,2
DA:59,2
DA:66,2
DA:67,2
DA:68,2
DA:69,2
DA:70,2
DA:71,2
DA:72,2
DA:73,2
DA:74,2
DA:78,2
DA:79,2
DA:80,2
DA:81,2
DA:82,1
DA:84,1
DA:85,1
DA:87,1
DA:88,1
DA:90,0
DA:91,0
DA:96,0
DA:97,0
DA:98,0
DA:99,0
DA:100,0
DA:102,0
DA:103,0
DA:105,0
DA:106,0
DA:108,0
DA:109,0
DA:114,0
DA:115,0
DA:116,0
DA:117,0
DA:118,0
DA:120,0
DA:121,0
DA:123,0
DA:124,0
DA:126,0
DA:127,0
DA:132,0
DA:133,0
DA:134,0
DA:135,0
DA:136,0
DA:138,0
DA:139,0
DA:141,0
DA:142,0
DA:144,0
DA:145,0
DA:150,1
DA:151,1
DA:152,1
DA:153,1
DA:154,1
DA:155,0
DA:157,1
DA:160,1
DA:161,1
DA:163,0
DA:164,0
LF:74
LH:36
BRDA:81,0,0,1
BRDA:81,0,1,1
BRDA:87,1,0,1
BRDA:87,1,1,0
BRDA:99,2,0,0
BRDA:99,2,1,0
BRDA:105,3,0,0
BRDA:105,3,1,0
BRDA:117,4,0,0
BRDA:117,4,1,0
BRDA:123,5,0,0
BRDA:123,5,1,0
BRDA:135,6,0,0
BRDA:135,6,1,0
BRDA:141,7,0,0
BRDA:141,7,1,0
BRDA:153,8,0,1
BRDA:153,8,1,0
BRDA:153,9,0,1
BRDA:153,9,1,1
BRDA:153,10,0,0
BRDA:153,10,1,0
BRDA:154,11,0,0
BRDA:154,11,1,1
BRF:24
BRH:7
end_of_record
TN:
SF:C:\Users\ngocduc\Desktop\DEMO\plat-mw-api\src\enum\Httpcode.ts
FN:1,(anonymous_0)
FN:6,(anonymous_1)
FNF:2
FNH:2
FNDA:2,(anonymous_0)
FNDA:2,(anonymous_1)
DA:1,2
DA:2,2
DA:3,2
DA:6,2
DA:7,2
DA:8,2
DA:9,2
LF:7
LH:7
BRDA:1,0,0,2
BRDA:1,0,1,2
BRDA:6,1,0,2
BRDA:6,1,1,2
BRF:4
BRH:4
end_of_record
TN:
SF:C:\Users\ngocduc\Desktop\DEMO\plat-mw-api\src\models\DeparmentModel.ts
FN:9,(anonymous_1)
FNF:1
FNH:0
FNDA:0,(anonymous_1)
DA:1,2
DA:2,2
DA:5,2
DA:7,2
DA:9,2
DA:10,0
DA:11,0
DA:14,2
DA:34,2
DA:36,2
DA:38,2
LF:11
LH:9
BRF:0
BRH:0
end_of_record
TN:
SF:C:\Users\ngocduc\Desktop\DEMO\plat-mw-api\src\models\DirectorModel.ts
FN:9,(anonymous_1)
FNF:1
FNH:1
FNDA:1,(anonymous_1)
DA:1,2
DA:2,2
DA:5,2
DA:7,2
DA:9,2
DA:10,1
DA:11,1
DA:14,2
DA:32,2
DA:34,2
DA:36,2
LF:11
LH:11
BRF:0
BRH:0
end_of_record
TN:
SF:C:\Users\ngocduc\Desktop\DEMO\plat-mw-api\src\models\ProjectTeamModel.ts
FN:9,(anonymous_1)
FNF:1
FNH:0
FNDA:0,(anonymous_1)
DA:1,2
DA:2,2
DA:5,2
DA:7,2
DA:9,2
DA:10,0
DA:11,0
DA:14,2
DA:33,2
DA:35,2
DA:37,2
LF:11
LH:9
BRF:0
BRH:0
end_of_record
TN:
SF:C:\Users\ngocduc\Desktop\DEMO\plat-mw-api\src\models\SettingModel.ts
FN:10,(anonymous_1)
FNF:1
FNH:0
FNDA:0,(anonymous_1)
DA:1,2
DA:2,2
DA:6,2
DA:8,2
DA:10,2
DA:11,0
DA:12,0
DA:15,2
DA:31,2
DA:33,2
DA:35,2
LF:11
LH:9
BRF:0
BRH:0
end_of_record
TN:
SF:C:\Users\ngocduc\Desktop\DEMO\plat-mw-api\src\models\TeamMemberModel.ts
FN:9,(anonymous_1)
FNF:1
FNH:0
FNDA:0,(anonymous_1)
DA:1,2
DA:2,2
DA:5,2
DA:7,2
DA:9,2
DA:10,0
DA:11,0
DA:14,2
DA:33,2
DA:35,2
DA:37,2
LF:11
LH:9
BRF:0
BRH:0
end_of_record
TN:
SF:C:\Users\ngocduc\Desktop\DEMO\plat-mw-api\src\plugins\auth\jwt-hapi.ts
FN:20,(anonymous_7)
FN:29,(anonymous_8)
FN:29,(anonymous_9)
FN:46,(anonymous_10)
FN:51,(anonymous_11)
FN:51,(anonymous_12)
FN:91,(anonymous_13)
FN:91,(anonymous_14)
FNF:8
FNH:3
FNDA:0,(anonymous_7)
FNDA:0,(anonymous_8)
FNDA:0,(anonymous_9)
FNDA:2,(anonymous_10)
FNDA:0,(anonymous_11)
FNDA:0,(anonymous_12)
FNDA:2,(anonymous_13)
FNDA:2,(anonymous_14)
DA:2,2
DA:3,2
DA:5,2
DA:6,2
DA:7,2
DA:8,2
DA:10,2
DA:15,2
DA:20,2
DA:21,0
DA:22,0
DA:23,0
DA:25,0
DA:29,2
DA:30,0
DA:31,0
DA:32,0
DA:34,0
DA:36,0
DA:37,0
DA:43,0
DA:46,2
DA:47,2
DA:48,2
DA:49,2
DA:51,2
DA:52,0
DA:53,0
DA:55,0
DA:56,0
DA:57,0
DA:60,0
DA:61,0
DA:62,0
DA:63,0
DA:65,0
DA:66,0
DA:68,0
DA:69,0
DA:70,0
DA:71,0
DA:72,0
DA:76,0
DA:79,0
DA:83,0
DA:86,2
DA:91,2
DA:92,2
DA:93,2
DA:94,2
DA:95,0
DA:101,2
DA:102,2
DA:103,2
LF:54
LH:23
BRDA:36,0,0,0
BRDA:36,0,1,0
BRDA:36,1,0,0
BRDA:36,1,1,0
BRDA:46,2,0,0
BRDA:55,3,0,0
BRDA:55,3,1,0
BRDA:61,4,0,0
BRDA:61,4,1,0
BRDA:61,5,0,0
BRDA:61,5,1,0
BRDA:71,6,0,0
BRDA:71,6,1,0
BRDA:77,7,0,0
BRDA:77,7,1,0
BRDA:94,8,0,0
BRDA:94,8,1,2
BRF:17
BRH:1
end_of_record
TN:
SF:C:\Users\ngocduc\Desktop\DEMO\plat-mw-api\src\repositories\DepartmentRepository.ts
FN:6,(anonymous_1)
FNF:1
FNH:1
FNDA:2,(anonymous_1)
DA:1,2
DA:2,2
DA:5,2
DA:7,2
LF:4
LH:4
BRF:0
BRH:0
end_of_record
TN:
SF:C:\Users\ngocduc\Desktop\DEMO\plat-mw-api\src\repositories\DirectorRepository.ts
FN:6,(anonymous_1)
FNF:1
FNH:1
FNDA:2,(anonymous_1)
DA:1,2
DA:2,2
DA:5,2
DA:7,2
LF:4
LH:4
BRF:0
BRH:0
end_of_record
TN:
SF:C:\Users\ngocduc\Desktop\DEMO\plat-mw-api\src\repositories\ProjectTeamRepository.ts
FN:6,(anonymous_1)
FNF:1
FNH:1
FNDA:2,(anonymous_1)
DA:1,2
DA:2,2
DA:5,2
DA:7,2
LF:4
LH:4
BRF:0
BRH:0
end_of_record
TN:
SF:C:\Users\ngocduc\Desktop\DEMO\plat-mw-api\src\repositories\SettingRepository.ts
FN:8,(anonymous_7)
FN:12,(anonymous_8)
FNF:2
FNH:2
FNDA:1,(anonymous_7)
FNDA:1,(anonymous_8)
DA:1,2
DA:2,2
DA:4,2
DA:7,2
DA:9,1
DA:13,1
DA:17,1
DA:18,1
DA:19,1
DA:20,0
DA:21,0
DA:23,1
LF:12
LH:10
BRDA:19,0,0,0
BRDA:19,0,1,1
BRF:2
BRH:1
end_of_record
TN:
SF:C:\Users\ngocduc\Desktop\DEMO\plat-mw-api\src\repositories\TeamMemberRepository.ts
FN:6,(anonymous_1)
FNF:1
FNH:1
FNDA:2,(anonymous_1)
DA:1,2
DA:2,2
DA:5,2
DA:7,2
LF:4
LH:4
BRF:0
BRH:0
end_of_record
TN:
SF:C:\Users\ngocduc\Desktop\DEMO\plat-mw-api\src\repositories\base\BaseRepository.ts
FN:11,(anonymous_7)
FN:15,(anonymous_8)
FN:22,(anonymous_9)
FN:23,(anonymous_11)
FN:24,(anonymous_12)
FN:34,(anonymous_13)
FN:35,(anonymous_15)
FN:36,(anonymous_16)
FN:46,(anonymous_17)
FN:47,(anonymous_19)
FN:48,(anonymous_20)
FN:59,(anonymous_21)
FN:60,(anonymous_23)
FN:74,(anonymous_24)
FN:84,(anonymous_25)
FN:85,(anonymous_27)
FN:87,(anonymous_28)
FN:97,(anonymous_29)
FN:98,(anonymous_31)
FN:99,(anonymous_32)
FN:113,(anonymous_33)
FN:114,(anonymous_35)
FN:115,(anonymous_36)
FN:125,(anonymous_37)
FN:126,(anonymous_39)
FN:127,(anonymous_40)
FN:137,(anonymous_41)
FN:138,(anonymous_43)
FN:139,(anonymous_44)
FN:149,(anonymous_45)
FN:150,(anonymous_47)
FN:151,(anonymous_48)
FN:161,(anonymous_49)
FN:162,(anonymous_51)
FN:163,(anonymous_52)
FN:173,(anonymous_53)
FN:174,(anonymous_55)
FN:175,(anonymous_56)
FN:185,(anonymous_57)
FN:186,(anonymous_59)
FN:187,(anonymous_60)
FN:197,(anonymous_61)
FN:198,(anonymous_63)
FN:199,(anonymous_64)
FN:209,(anonymous_65)
FN:210,(anonymous_67)
FN:211,(anonymous_68)
FN:221,(anonymous_69)
FN:222,(anonymous_71)
FN:223,(anonymous_72)
FN:233,(anonymous_73)
FN:234,(anonymous_75)
FN:243,(anonymous_76)
FN:253,(anonymous_77)
FN:254,(anonymous_79)
FN:255,(anonymous_80)
FN:265,(anonymous_81)
FN:266,(anonymous_83)
FN:271,(anonymous_84)
FN:281,(anonymous_85)
FN:282,(anonymous_87)
FN:283,(anonymous_88)
FN:293,(anonymous_89)
FN:294,(anonymous_91)
FN:295,(anonymous_92)
FN:305,(anonymous_93)
FN:306,(anonymous_95)
FN:307,(anonymous_96)
FN:317,(anonymous_97)
FN:321,(anonymous_98)
FN:325,(anonymous_99)
FN:329,(anonymous_100)
FN:330,(anonymous_102)
FN:331,(anonymous_103)
FN:341,(anonymous_104)
FN:342,(anonymous_106)
FN:344,(anonymous_107)
FN:344,(anonymous_108)
FN:348,(anonymous_109)
FN:349,(anonymous_111)
FN:350,(anonymous_112)
FNF:81
FNH:10
FNDA:9,(anonymous_7)
FNDA:0,(anonymous_8)
FNDA:0,(anonymous_9)
FNDA:0,(anonymous_11)
FNDA:0,(anonymous_12)
FNDA:0,(anonymous_13)
FNDA:0,(anonymous_15)
FNDA:0,(anonymous_16)
FNDA:1,(anonymous_17)
FNDA:1,(anonymous_19)
FNDA:1,(anonymous_20)
FNDA:0,(anonymous_21)
FNDA:0,(anonymous_23)
FNDA:0,(anonymous_24)
FNDA:1,(anonymous_25)
FNDA:1,(anonymous_27)
FNDA:1,(anonymous_28)
FNDA:3,(anonymous_29)
FNDA:3,(anonymous_31)
FNDA:3,(anonymous_32)
FNDA:0,(anonymous_33)
FNDA:0,(anonymous_35)
FNDA:0,(anonymous_36)
FNDA:0,(anonymous_37)
FNDA:0,(anonymous_39)
FNDA:0,(anonymous_40)
FNDA:0,(anonymous_41)
FNDA:0,(anonymous_43)
FNDA:0,(anonymous_44)
FNDA:0,(anonymous_45)
FNDA:0,(anonymous_47)
FNDA:0,(anonymous_48)
FNDA:0,(anonymous_49)
FNDA:0,(anonymous_51)
FNDA:0,(anonymous_52)
FNDA:0,(anonymous_53)
FNDA:0,(anonymous_55)
FNDA:0,(anonymous_56)
FNDA:0,(anonymous_57)
FNDA:0,(anonymous_59)
FNDA:0,(anonymous_60)
FNDA:0,(anonymous_61)
FNDA:0,(anonymous_63)
FNDA:0,(anonymous_64)
FNDA:0,(anonymous_65)
FNDA:0,(anonymous_67)
FNDA:0,(anonymous_68)
FNDA:0,(anonymous_69)
FNDA:0,(anonymous_71)
FNDA:0,(anonymous_72)
FNDA:0,(anonymous_73)
FNDA:0,(anonymous_75)
FNDA:0,(anonymous_76)
FNDA:0,(anonymous_77)
FNDA:0,(anonymous_79)
FNDA:0,(anonymous_80)
FNDA:0,(anonymous_81)
FNDA:0,(anonymous_83)
FNDA:0,(anonymous_84)
FNDA:0,(anonymous_85)
FNDA:0,(anonymous_87)
FNDA:0,(anonymous_88)
FNDA:0,(anonymous_89)
FNDA:0,(anonymous_91)
FNDA:0,(anonymous_92)
FNDA:0,(anonymous_93)
FNDA:0,(anonymous_95)
FNDA:0,(anonymous_96)
FNDA:0,(anonymous_97)
FNDA:0,(anonymous_98)
FNDA:0,(anonymous_99)
FNDA:0,(anonymous_100)
FNDA:0,(anonymous_102)
FNDA:0,(anonymous_103)
FNDA:0,(anonymous_104)
FNDA:0,(anonymous_106)
FNDA:0,(anonymous_107)
FNDA:0,(anonymous_108)
FNDA:0,(anonymous_109)
FNDA:0,(anonymous_111)
FNDA:0,(anonymous_112)
DA:3,2
DA:5,2
DA:7,2
DA:12,9
DA:16,0
DA:17,0
DA:19,0
DA:23,0
DA:24,0
DA:25,0
DA:26,0
DA:28,0
DA:35,0
DA:36,0
DA:37,0
DA:38,0
DA:40,0
DA:47,1
DA:48,1
DA:49,1
DA:50,0
DA:52,1
DA:60,0
DA:61,0
DA:62,0
DA:63,0
DA:66,0
DA:67,0
DA:70,0
DA:71,0
DA:74,0
DA:75,0
DA:76,0
DA:78,0
DA:85,1
DA:86,1
DA:87,1
DA:88,1
DA:89,0
DA:91,1
DA:98,3
DA:99,3
DA:100,3
DA:101,0
DA:103,3
DA:114,0
DA:115,0
DA:116,0
DA:117,0
DA:119,0
DA:126,0
DA:127,0
DA:128,0
DA:129,0
DA:131,0
DA:138,0
DA:139,0
DA:140,0
DA:141,0
DA:143,0
DA:150,0
DA:151,0
DA:152,0
DA:153,0
DA:155,0
DA:162,0
DA:163,0
DA:164,0
DA:165,0
DA:167,0
DA:174,0
DA:175,0
DA:176,0
DA:177,0
DA:179,0
DA:186,0
DA:187,0
DA:188,0
DA:189,0
DA:191,0
DA:198,0
DA:199,0
DA:200,0
DA:201,0
DA:203,0
DA:210,0
DA:211,0
DA:212,0
DA:213,0
DA:215,0
DA:222,0
DA:223,0
DA:224,0
DA:225,0
DA:227,0
DA:234,0
DA:235,0
DA:240,0
DA:241,0
DA:243,0
DA:244,0
DA:245,0
DA:247,0
DA:254,0
DA:255,0
DA:256,0
DA:257,0
DA:259,0
DA:266,0
DA:267,0
DA:268,0
DA:269,0
DA:271,0
DA:272,0
DA:273,0
DA:275,0
DA:282,0
DA:283,0
DA:284,0
DA:285,0
DA:287,0
DA:294,0
DA:295,0
DA:296,0
DA:297,0
DA:299,0
DA:306,0
DA:307,0
DA:308,0
DA:309,0
DA:311,0
DA:318,0
DA:322,0
DA:326,0
DA:330,0
DA:331,0
DA:332,0
DA:333,0
DA:335,0
DA:342,0
DA:343,0
DA:344,0
DA:349,0
DA:350,0
DA:351,0
LF:145
LH:17
BRDA:16,0,0,0
BRDA:16,0,1,0
BRDA:25,1,0,0
BRDA:25,1,1,0
BRDA:37,2,0,0
BRDA:37,2,1,0
BRDA:49,3,0,0
BRDA:49,3,1,1
BRDA:59,4,0,0
BRDA:62,5,0,0
BRDA:62,5,1,0
BRDA:66,6,0,0
BRDA:66,6,1,0
BRDA:70,7,0,0
BRDA:70,7,1,0
BRDA:75,8,0,0
BRDA:75,8,1,0
BRDA:88,9,0,0
BRDA:88,9,1,1
BRDA:100,10,0,0
BRDA:100,10,1,3
BRDA:116,11,0,0
BRDA:116,11,1,0
BRDA:128,12,0,0
BRDA:128,12,1,0
BRDA:140,13,0,0
BRDA:140,13,1,0
BRDA:152,14,0,0
BRDA:152,14,1,0
BRDA:164,15,0,0
BRDA:164,15,1,0
BRDA:176,16,0,0
BRDA:176,16,1,0
BRDA:188,17,0,0
BRDA:188,17,1,0
BRDA:200,18,0,0
BRDA:200,18,1,0
BRDA:212,19,0,0
BRDA:212,19,1,0
BRDA:224,20,0,0
BRDA:224,20,1,0
BRDA:240,21,0,0
BRDA:240,21,1,0
BRDA:244,22,0,0
BRDA:244,22,1,0
BRDA:256,23,0,0
BRDA:256,23,1,0
BRDA:268,24,0,0
BRDA:268,24,1,0
BRDA:272,25,0,0
BRDA:272,25,1,0
BRDA:284,26,0,0
BRDA:284,26,1,0
BRDA:296,27,0,0
BRDA:296,27,1,0
BRDA:308,28,0,0
BRDA:308,28,1,0
BRDA:332,29,0,0
BRDA:332,29,1,0
BRDA:351,30,0,0
BRDA:351,30,1,0
BRF:61
BRH:3
end_of_record
TN:
SF:C:\Users\ngocduc\Desktop\DEMO\plat-mw-api\src\routes\member.routes.ts
FN:19,(anonymous_1)
FN:78,(anonymous_2)
FNF:2
FNH:2
FNDA:1,(anonymous_1)
FNDA:2,(anonymous_2)
DA:1,2
DA:3,2
DA:4,2
DA:6,2
DA:10,2
DA:18,2
DA:19,1
DA:22,2
DA:26,2
DA:32,2
DA:37,2
DA:42,2
DA:46,2
DA:54,2
DA:67,2
DA:78,2
DA:79,2
DA:80,2
DA:81,2
LF:19
LH:19
BRF:0
BRH:0
end_of_record
TN:
SF:C:\Users\ngocduc\Desktop\DEMO\plat-mw-api\src\utils\error.ts
FN:3,(anonymous_0)
FN:11,(anonymous_1)
FN:19,(anonymous_2)
FN:27,(anonymous_3)
FNF:4
FNH:1
FNDA:1,(anonymous_0)
FNDA:0,(anonymous_1)
FNDA:0,(anonymous_2)
FNDA:0,(anonymous_3)
DA:1,2
DA:3,2
DA:4,1
DA:5,1
DA:6,0
DA:8,1
DA:11,2
DA:12,0
DA:13,0
DA:14,0
DA:16,0
DA:19,2
DA:20,0
DA:21,0
DA:22,0
DA:24,0
DA:27,2
DA:28,0
DA:29,0
DA:30,0
DA:32,0
DA:34,0
LF:22
LH:8
BRDA:5,0,0,0
BRDA:5,0,1,1
BRDA:13,1,0,0
BRDA:13,1,1,0
BRDA:21,2,0,0
BRDA:21,2,1,0
BRDA:29,3,0,0
BRDA:29,3,1,0
BRF:8
BRH:1
end_of_record
TN:
SF:C:\Users\ngocduc\Desktop\DEMO\plat-mw-api\src\utils\logger.ts
FNF:0
FNH:0
DA:1,2
DA:2,2
LF:2
LH:2
BRF:0
BRH:0
end_of_record
TN:
SF:C:\Users\ngocduc\Desktop\DEMO\plat-mw-api\src\utils\messages.ts
FNF:0
FNH:0
DA:1,2
DA:17,2
LF:2
LH:2
BRF:0
BRH:0
end_of_record
